Built from '6000.2/respin/6000.2.7f1-2eb0c79396db' branch; Version is '6000.2.7f2 (2b518236b676) revision 2838914'; Using compiler version '194234433'; Build Type 'Release'
OS: 'Windows 10  (10.0.19045) 64bit ProfessionalEducation' Language: 'es' Physical Memory: 32635 MB
BatchMode: 1, IsHumanControllingUs: 0, StartBugReporterOnCrash: 0, Is64bit: 1
Date: 2026-02-05T17:07:19Z
[Licensing::Module] Trying to connect to existing licensing client channel...

COMMAND LINE ARGUMENTS:
C:\Program Files\Unity\Hub\Editor\6000.2.7f2\Editor\Unity.exe
-adb2
-batchMode
-noUpm
-name
AssetImportWorker11
-projectPath
C:/UnityGithub/Granada
-logFile
Logs/AssetImportWorker11.log
-srvPort
56679
-licensingIpc
LicenseClient-b15-06t2
-job-worker-count
7
-background-job-worker-count
8
-gc-helper-count
1
-name
AssetImport
Successfully changed project path to: C:/UnityGithub/Granada
[Licensing::IpcConnector] Successfully connected to: "LicenseClient-b15-06t2" at "2026-02-05T17:07:19.9766129Z"
C:/UnityGithub/Granada
[UnityMemory] Configuration Parameters - Can be set up in boot.config
    "memorysetup-allocator-temp-initial-block-size-main=262144"
    "memorysetup-allocator-temp-initial-block-size-worker=262144"
    "memorysetup-bucket-allocator-granularity=16"
    "memorysetup-bucket-allocator-bucket-count=8"
    "memorysetup-bucket-allocator-block-size=33554432"
    "memorysetup-bucket-allocator-block-count=8"
    "memorysetup-main-allocator-block-size=16777216"
    "memorysetup-thread-allocator-block-size=16777216"
    "memorysetup-gfx-main-allocator-block-size=16777216"
    "memorysetup-gfx-thread-allocator-block-size=16777216"
    "memorysetup-cache-allocator-block-size=4194304"
    "memorysetup-typetree-allocator-block-size=2097152"
    "memorysetup-profiler-bucket-allocator-granularity=16"
    "memorysetup-profiler-bucket-allocator-bucket-count=8"
    "memorysetup-profiler-bucket-allocator-block-size=33554432"
    "memorysetup-profiler-bucket-allocator-block-count=8"
    "memorysetup-profiler-allocator-block-size=16777216"
    "memorysetup-profiler-editor-allocator-block-size=1048576"
    "memorysetup-temp-allocator-size-main=16777216"
    "memorysetup-job-temp-allocator-block-size=2097152"
    "memorysetup-job-temp-allocator-block-size-background=1048576"
    "memorysetup-job-temp-allocator-reduction-small-platforms=262144"
    "memorysetup-temp-allocator-size-background-worker=32768"
    "memorysetup-temp-allocator-size-job-worker=262144"
    "memorysetup-temp-allocator-size-preload-manager=33554432"
    "memorysetup-temp-allocator-size-nav-mesh-worker=65536"
    "memorysetup-temp-allocator-size-audio-worker=65536"
    "memorysetup-temp-allocator-size-cloud-worker=32768"
    "memorysetup-temp-allocator-size-gi-baking-worker=262144"
    "memorysetup-temp-allocator-size-gi-baking-worker=262144"
    "memorysetup-temp-allocator-size-gi-baking-worker=262144"
    "memorysetup-temp-allocator-size-gi-baking-worker=262144"
    "memorysetup-temp-allocator-size-gi-baking-worker=262144"
    "memorysetup-temp-allocator-size-gfx=262144"
Player connection [20188]  Target information:

Player connection [20188]  * "[IP] 10.15.0.6 [Port] 0 [Flags] 2 [Guid] 3283373039 [EditorId] 3283373039 [Version] 1048832 [Id] WindowsEditor(7,AULAB15-06) [Debug] 1 [PackageName] WindowsEditor [ProjectName] Editor" 

Player connection [20188]  * "[IP] 192.168.56.1 [Port] 0 [Flags] 2 [Guid] 3283373039 [EditorId] 3283373039 [Version] 1048832 [Id] WindowsEditor(7,AULAB15-06) [Debug] 1 [PackageName] WindowsEditor [ProjectName] Editor" 

Player connection [20188]  * "[IP] 172.30.176.1 [Port] 0 [Flags] 2 [Guid] 3283373039 [EditorId] 3283373039 [Version] 1048832 [Id] WindowsEditor(7,AULAB15-06) [Debug] 1 [PackageName] WindowsEditor [ProjectName] Editor" 

Player connection [20188] Host joined multi-casting on [225.0.0.222:54997]...
Player connection [20188] Host joined alternative multi-casting on [225.0.0.222:34997]...
JobSystem: Creating JobQueue using job-worker-count value 7
Input System module state changed to: Initialized.
[Physics::Module] Initialized fallback backend.
[Physics::Module] Id: 0xdecafbad
[Licensing::Client] Code 10 while verifying Licensing Client signature (process Id: 8368, path: "C:/Program Files/Unity Hub/UnityLicensingClient_V1/Unity.Licensing.Client.exe")
[Licensing::Module] LicensingClient has failed validation; ignoring
[Licensing::Client] Handshaking with LicensingClient:
  Version:                 1.17.3+a4e98f1
  Session Id:              ab3cb429bd6045ae87858b2c6859a4f9
  Correlation Id:          9595d931ce30acdf9c86d53fab512b4e
  External correlation Id: 5695085518877073985
  Machine Id:              rk4/wnZTdctTDab783WbcWnflrA=
[Licensing::Module] Successfully connected to LicensingClient on channel: "LicenseClient-b15-06t2" (connect: 0.00s, validation: 0.00s, handshake: 0.05s)
[Licensing::IpcConnector] Successfully connected to: "LicenseClient-b15-06t2-notifications" at "2026-02-05T17:07:20.031134Z"
[Licensing::Module] Licensing Background thread has ended after 0.06s
Library Redirect Path: Library/
[Physics::Module] Selected backend.
[Physics::Module] Name: PhysX
[Physics::Module] Id: 0xf2b8ea05
[Physics::Module] SDK Version: 4.1.2
[Physics::Module] Integration Version: 1.0.0
[Physics::Module] Threading Mode: Multi-Threaded
Refreshing native plugins compatible for Editor in 3.09 ms, found 3 plugins.
Preloading 0 native plugins for Editor in 0.00 ms.
Initialize engine version: 6000.2.7f2 (2b518236b676)
[Subsystems] Discovering subsystems at path C:/Program Files/Unity/Hub/Editor/6000.2.7f2/Editor/Data/Resources/UnitySubsystems
[Subsystems] Discovering subsystems at path C:/UnityGithub/Granada/Assets
GfxDevice: creating device client; kGfxThreadingModeNonThreaded
Direct3D:
    Version:  Direct3D 11.0 [level 11.1]
    Renderer: NVIDIA GeForce GTX 1650 (ID=0x2188)
    Vendor:   NVIDIA
    VRAM:     3935 MB
    Driver:   32.0.15.6094
Shader 'WFX/Transparent Diffuse': fallback shader 'Particles/Alpha Blended' not found
Shader 'WFX/Transparent Specular': fallback shader 'Particles/Alpha Blended' not found
Initialize mono
Mono path[0] = 'C:/Program Files/Unity/Hub/Editor/6000.2.7f2/Editor/Data/Managed'
Mono path[1] = 'C:/Program Files/Unity/Hub/Editor/6000.2.7f2/Editor/Data/MonoBleedingEdge/lib/mono/unityjit-win32'
Mono config path = 'C:/Program Files/Unity/Hub/Editor/6000.2.7f2/Editor/Data/MonoBleedingEdge/etc'
Using monoOptions --debugger-agent=transport=dt_socket,embedding=1,server=y,suspend=n,address=127.0.0.1:56224
Begin MonoManager ReloadAssembly
Registering precompiled unity dll's ...
Register platform support module: C:/Program Files/Unity/Hub/Editor/6000.2.7f2/Editor/Data/PlaybackEngines/WindowsStandaloneSupport/UnityEditor.WindowsStandalone.Extensions.dll
[Licensing::Client] Successfully resolved entitlement details
[Licensing::Module] License group:
  Id: 1375750539729-UnityPersXXXX
  Product: Unity Personal
  Type: Assigned
  Expiration: Unlimited
Register platform support module: C:/Program Files/Unity/Hub/Editor/6000.2.7f2/Editor/Data/PlaybackEngines/AndroidPlayer/UnityEditor.Android.Extensions.dll
Registered in 0.005115 seconds.
- Loaded All Assemblies, in  0.554 seconds
Native extension for Android target not found
Android Extension - Scanning For ADB Devices 386 ms
Native extension for WindowsStandalone target not found
Mono: successfully reloaded assembly
- Finished resetting the current domain, in  1.020 seconds
Domain Reload Profiling: 1569ms
	BeginReloadAssembly (168ms)
		ExecutionOrderSort (0ms)
		DisableScriptedObjects (0ms)
		BackupInstance (0ms)
		ReleaseScriptingObjects (0ms)
		CreateAndSetChildDomain (1ms)
	RebuildCommonClasses (54ms)
	RebuildNativeTypeToScriptingClass (18ms)
	initialDomainReloadingComplete (73ms)
	LoadAllAssembliesAndSetupDomain (237ms)
		LoadAssemblies (162ms)
		RebuildTransferFunctionScriptingTraits (0ms)
		AnalyzeDomain (233ms)
			TypeCache.Refresh (231ms)
				TypeCache.ScanAssembly (213ms)
			BuildScriptInfoCaches (0ms)
			ResolveRequiredComponents (1ms)
	FinalizeReload (1020ms)
		ReleaseScriptCaches (0ms)
		RebuildScriptCaches (0ms)
		SetupLoadedEditorAssemblies (953ms)
			LogAssemblyErrors (0ms)
			InitializePlatformSupportModulesInManaged (542ms)
			SetLoadedEditorAssemblies (5ms)
			BeforeProcessingInitializeOnLoad (153ms)
			ProcessInitializeOnLoadAttributes (181ms)
			ProcessInitializeOnLoadMethodAttributes (71ms)
			AfterProcessingInitializeOnLoad (0ms)
			EditorAssembliesLoaded (0ms)
		ExecutionOrderSort2 (0ms)
		AwakeInstancesAfterBackupRestoration (0ms)
========================================================================
Worker process is ready to serve import requests
Import Worker Mode flag is 0x00
Begin MonoManager ReloadAssembly
[Licensing::Client] Successfully resolved entitlement details
- Loaded All Assemblies, in  1.149 seconds
Refreshing native plugins compatible for Editor in 1.67 ms, found 3 plugins.
Native extension for Android target not found
Native extension for WindowsStandalone target not found
Package Manager log level set to [2]
[Package Manager] Failed to launch server process. Reason: Unity was launched with the -noUpm command-line argument
[Package Manager] Unable to send message (not connected to server process).
[Package Manager] Cannot connect to Unity Package Manager local server
Mono: successfully reloaded assembly
- Finished resetting the current domain, in  1.169 seconds
Domain Reload Profiling: 2311ms
	BeginReloadAssembly (261ms)
		ExecutionOrderSort (0ms)
		DisableScriptedObjects (8ms)
		BackupInstance (0ms)
		ReleaseScriptingObjects (0ms)
		CreateAndSetChildDomain (54ms)
	RebuildCommonClasses (59ms)
	RebuildNativeTypeToScriptingClass (19ms)
	initialDomainReloadingComplete (61ms)
	LoadAllAssembliesAndSetupDomain (739ms)
		LoadAssemblies (520ms)
		RebuildTransferFunctionScriptingTraits (0ms)
		AnalyzeDomain (353ms)
			TypeCache.Refresh (271ms)
				TypeCache.ScanAssembly (247ms)
			BuildScriptInfoCaches (63ms)
			ResolveRequiredComponents (14ms)
	FinalizeReload (1170ms)
		ReleaseScriptCaches (0ms)
		RebuildScriptCaches (0ms)
		SetupLoadedEditorAssemblies (829ms)
			LogAssemblyErrors (0ms)
			InitializePlatformSupportModulesInManaged (13ms)
			SetLoadedEditorAssemblies (9ms)
			BeforeProcessingInitializeOnLoad (215ms)
			ProcessInitializeOnLoadAttributes (508ms)
			ProcessInitializeOnLoadMethodAttributes (74ms)
			AfterProcessingInitializeOnLoad (9ms)
			EditorAssembliesLoaded (0ms)
		ExecutionOrderSort2 (0ms)
		AwakeInstancesAfterBackupRestoration (11ms)
Shader 'WFX/Transparent Diffuse': fallback shader 'Particles/Alpha Blended' not found
Shader 'WFX/Transparent Specular': fallback shader 'Particles/Alpha Blended' not found
Launched and connected shader compiler UnityShaderCompiler.exe after 0.04 seconds
Refreshing native plugins compatible for Editor in 1.53 ms, found 3 plugins.
Preloading 0 native plugins for Editor in 0.00 ms.
Unloading 14 Unused Serialized files (Serialized files now loaded: 0)
Unloading 6174 unused Assets / (4.8 MB). Loaded Objects now: 6879.
Memory consumption went from 134.4 MB to 129.5 MB.
Total: 100.259900 ms (FindLiveObjects: 1.516500 ms CreateObjectMapping: 2.370200 ms MarkObjects: 93.291900 ms  DeleteObjects: 3.079800 ms)

========================================================================
Received Import Request.
  Time since last request: 19546.154096 seconds.
  path: Assets/Imports/JMO Assets/WarFX/Desktop/Materials/Bullet Holes/WFX_BulletHole Concrete.mat
  artifactKey: Guid(72b5a49033211f040b217a4431c08896) Importer(2089858483,192608db42251d675da83286b1cce702)
Start importing Assets/Imports/JMO Assets/WarFX/Desktop/Materials/Bullet Holes/WFX_BulletHole Concrete.mat using Guid(72b5a49033211f040b217a4431c08896) Importer(2089858483,192608db42251d675da83286b1cce702) (ScriptedImporter) -> (artifact id: '3817b1def7852d048e4777c66335da46') in 0.741333 seconds
Number of updated asset objects reloaded before import = 0Number of asset objects unloaded after import = 2

========================================================================
Received Import Request.
  Time since last request: 0.000030 seconds.
  path: Assets/Imports/JMO Assets/WarFX/Demo/Assets/WFX_Demo_T_Checker.tga
  artifactKey: Guid(54c2645bfa981ee44bfdce36b7823367) Importer(2089858483,192608db42251d675da83286b1cce702)
Start importing Assets/Imports/JMO Assets/WarFX/Demo/Assets/WFX_Demo_T_Checker.tga using Guid(54c2645bfa981ee44bfdce36b7823367) Importer(2089858483,192608db42251d675da83286b1cce702) (ScriptedImporter) -> (artifact id: '66610cbe6f7e34e72cc8b004e7e7093f') in 0.209332 seconds
Number of updated asset objects reloaded before import = 0Number of asset objects unloaded after import = 1

========================================================================
Received Import Request.
  Time since last request: 0.000028 seconds.
  path: Assets/Imports/JMO Assets/WarFX/Desktop/Materials/Bullet Holes/WFX_BulletHole Wood Lighted.mat
  artifactKey: Guid(a1c66968b3879fd43abd0238bae09c97) Importer(2089858483,192608db42251d675da83286b1cce702)
Start importing Assets/Imports/JMO Assets/WarFX/Desktop/Materials/Bullet Holes/WFX_BulletHole Wood Lighted.mat using Guid(a1c66968b3879fd43abd0238bae09c97) Importer(2089858483,192608db42251d675da83286b1cce702) (ScriptedImporter) -> (artifact id: 'c13806e8488a742dbfd89730be00887f') in 0.1054732 seconds
Number of updated asset objects reloaded before import = 0Number of asset objects unloaded after import = 2

========================================================================
Received Import Request.
  Time since last request: 0.000027 seconds.
  path: Assets/Imports/JMO Assets/WarFX/_Effects (Mobile)/Fire/WFXMR_GazFireBig (Blue).prefab
  artifactKey: Guid(55700a754af55ac429f02417b245ae86) Importer(2089858483,192608db42251d675da83286b1cce702)
Start importing Assets/Imports/JMO Assets/WarFX/_Effects (Mobile)/Fire/WFXMR_GazFireBig (Blue).prefab using Guid(55700a754af55ac429f02417b245ae86) Importer(2089858483,192608db42251d675da83286b1cce702) (ScriptedImporter) -> (artifact id: '929eccdaeb651d8ca931bf7c6190ea21') in 0.1900663 seconds
Number of updated asset objects reloaded before import = 0Number of asset objects unloaded after import = 16

========================================================================
Received Import Request.
  Time since last request: 0.000030 seconds.
  path: Assets/Imports/JMO Assets/WarFX/Demo/Assets/WFX_Demo_M_Wood Wall.mat
  artifactKey: Guid(2b3f9a49a1177774e923a5b708423b4c) Importer(2089858483,192608db42251d675da83286b1cce702)
Start importing Assets/Imports/JMO Assets/WarFX/Demo/Assets/WFX_Demo_M_Wood Wall.mat using Guid(2b3f9a49a1177774e923a5b708423b4c) Importer(2089858483,192608db42251d675da83286b1cce702) (ScriptedImporter) -> (artifact id: '54f649184c578e15a199a2d1f2c048b4') in 0.0349309 seconds
Number of updated asset objects reloaded before import = 0Number of asset objects unloaded after import = 3

========================================================================
Received Import Request.
  Time since last request: 0.000020 seconds.
  path: Assets/Imports/JMO Assets/WarFX/Desktop/Materials/Bullet Holes/WFX_BulletHole Generic Dirt.mat
  artifactKey: Guid(d1cd8b9b3c7d785469e17f97b682c90a) Importer(2089858483,192608db42251d675da83286b1cce702)
Start importing Assets/Imports/JMO Assets/WarFX/Desktop/Materials/Bullet Holes/WFX_BulletHole Generic Dirt.mat using Guid(d1cd8b9b3c7d785469e17f97b682c90a) Importer(2089858483,192608db42251d675da83286b1cce702) (ScriptedImporter) -> (artifact id: 'c33fc00c22cb042a17710fe78258002f') in 0.0231672 seconds
Number of updated asset objects reloaded before import = 0Number of asset objects unloaded after import = 2

========================================================================
Received Import Request.
  Time since last request: 0.000023 seconds.
  path: Assets/Imports/JMO Assets/WarFX/_Effects (Mobile)/MuzzleFlashes/Sprites/WFXMR_MF Spr RIFLE3.prefab
  artifactKey: Guid(31e92f47a14b1434397c9d18b23ef28d) Importer(2089858483,3d70f49cd1c2eb9ae422958d1c652c6b)
Start importing Assets/Imports/JMO Assets/WarFX/_Effects (Mobile)/MuzzleFlashes/Sprites/WFXMR_MF Spr RIFLE3.prefab using Guid(31e92f47a14b1434397c9d18b23ef28d) Importer(2089858483,3d70f49cd1c2eb9ae422958d1c652c6b) (ScriptedImporter) -> (artifact id: 'ab51e1ddd4a6ffe87764fcb5a8f907e5') in 0.0363423 seconds
Number of updated asset objects reloaded before import = 0Number of asset objects unloaded after import = 26

========================================================================
Received Import Request.
  Time since last request: 0.000022 seconds.
  path: Assets/Imports/JMO Assets/WarFX/Demo/WarFX Demo New.unity
  artifactKey: Guid(c3f02a419ecea464bbd721a17732b8d2) Importer(2089858483,192608db42251d675da83286b1cce702)
Start importing Assets/Imports/JMO Assets/WarFX/Demo/WarFX Demo New.unity using Guid(c3f02a419ecea464bbd721a17732b8d2) Importer(2089858483,192608db42251d675da83286b1cce702) (ScriptedImporter) -> (artifact id: '8086dca1af062996d3a28d528d65c8ce') in 0.0359156 seconds
Number of updated asset objects reloaded before import = 0Number of asset objects unloaded after import = 1

========================================================================
Received Import Request.
  Time since last request: 0.000032 seconds.
  path: Assets/Imports/JMO Assets/WarFX/Desktop/Materials/Misc/WFX_M_SmallDotsInv Mult.mat
  artifactKey: Guid(4d1d4d88cfac1d747af75ea13f5d3e42) Importer(2089858483,192608db42251d675da83286b1cce702)
Start importing Assets/Imports/JMO Assets/WarFX/Desktop/Materials/Misc/WFX_M_SmallDotsInv Mult.mat using Guid(4d1d4d88cfac1d747af75ea13f5d3e42) Importer(2089858483,192608db42251d675da83286b1cce702) (ScriptedImporter) -> (artifact id: 'cdcf327e837f8f9821cc5737d0b44ebc') in 0.0394831 seconds
Number of updated asset objects reloaded before import = 0Number of asset objects unloaded after import = 2

========================================================================
Received Import Request.
  Time since last request: 0.000018 seconds.
  path: Assets/Imports/JMO Assets/WarFX/_Effects/Fire/WFX_FlameThrower Big Looped.prefab
  artifactKey: Guid(b2e8413438f79464aa69948979b150a8) Importer(2089858483,3d70f49cd1c2eb9ae422958d1c652c6b)
Start importing Assets/Imports/JMO Assets/WarFX/_Effects/Fire/WFX_FlameThrower Big Looped.prefab using Guid(b2e8413438f79464aa69948979b150a8) Importer(2089858483,3d70f49cd1c2eb9ae422958d1c652c6b) (ScriptedImporter) -> (artifact id: 'adc4d637ba6353958eeccee86bfc70ce') in 0.0212243 seconds
Number of updated asset objects reloaded before import = 0Number of asset objects unloaded after import = 13

========================================================================
Received Import Request.
  Time since last request: 0.000024 seconds.
  path: Assets/Imports/JMO Assets/WarFX/Desktop/Materials/Bullet Holes/WFX_BulletHole Metal Lighted.mat
  artifactKey: Guid(4775d7a61c94a87418fe5ebc4f938090) Importer(2089858483,192608db42251d675da83286b1cce702)
Start importing Assets/Imports/JMO Assets/WarFX/Desktop/Materials/Bullet Holes/WFX_BulletHole Metal Lighted.mat using Guid(4775d7a61c94a87418fe5ebc4f938090) Importer(2089858483,192608db42251d675da83286b1cce702) (ScriptedImporter) -> (artifact id: '83f6bb411b62596cd34647660a2acfc6') in 0.0219039 seconds
Number of updated asset objects reloaded before import = 0Number of asset objects unloaded after import = 2

========================================================================
Received Import Request.
  Time since last request: 0.000021 seconds.
  path: Assets/Imports/JMO Assets/WarFX/_Effects (Mobile)/Explosions/WFXMR_ExplosiveSmoke Big Alt.prefab
  artifactKey: Guid(d609d5ebc845aca409f72e9c6a56dc60) Importer(2089858483,3d70f49cd1c2eb9ae422958d1c652c6b)
Start importing Assets/Imports/JMO Assets/WarFX/_Effects (Mobile)/Explosions/WFXMR_ExplosiveSmoke Big Alt.prefab using Guid(d609d5ebc845aca409f72e9c6a56dc60) Importer(2089858483,3d70f49cd1c2eb9ae422958d1c652c6b) (ScriptedImporter) -> (artifact id: '5bd04c273333e04c45cc50223ed77372') in 0.0252658 seconds
Number of updated asset objects reloaded before import = 0Number of asset objects unloaded after import = 31

========================================================================
Received Import Request.
  Time since last request: 0.000032 seconds.
  path: Assets/Imports/JMO Assets/WarFX/_Effects (Mobile)/Fire/WFXMR_FlameThrower Looped.prefab
  artifactKey: Guid(9debd342863be9747b5a48c343184a31) Importer(2089858483,3d70f49cd1c2eb9ae422958d1c652c6b)
Start importing Assets/Imports/JMO Assets/WarFX/_Effects (Mobile)/Fire/WFXMR_FlameThrower Looped.prefab using Guid(9debd342863be9747b5a48c343184a31) Importer(2089858483,3d70f49cd1c2eb9ae422958d1c652c6b) (ScriptedImporter) -> (artifact id: 'de9c1f9249fb9eaf9ff8d1c8c042fffa') in 0.0232536 seconds
Number of updated asset objects reloaded before import = 0Number of asset objects unloaded after import = 13

========================================================================
Received Import Request.
  Time since last request: 0.000019 seconds.
  path: Assets/Imports/JMO Assets/WarFX/Shaders/WFX_S Particle AddSoft A8.shader
  artifactKey: Guid(7da55032bc1723749a4a351ea0d98969) Importer(2089858483,192608db42251d675da83286b1cce702)
Start importing Assets/Imports/JMO Assets/WarFX/Shaders/WFX_S Particle AddSoft A8.shader using Guid(7da55032bc1723749a4a351ea0d98969) Importer(2089858483,192608db42251d675da83286b1cce702) (ScriptedImporter) -> (artifact id: 'cdbc1d1aec4f9e5eb87aefea8ea441dc') in 0.0259911 seconds
Number of updated asset objects reloaded before import = 0Number of asset objects unloaded after import = 1

========================================================================
Received Import Request.
  Time since last request: 0.000018 seconds.
  path: Assets/Imports/JMO Assets/WarFX/Mobile/Materials/Bullet Holes/WFXM_BulletHole Metal Lighted.mat
  artifactKey: Guid(ad9313fb9df08c943873fb1f4fb3a662) Importer(2089858483,192608db42251d675da83286b1cce702)
Start importing Assets/Imports/JMO Assets/WarFX/Mobile/Materials/Bullet Holes/WFXM_BulletHole Metal Lighted.mat using Guid(ad9313fb9df08c943873fb1f4fb3a662) Importer(2089858483,192608db42251d675da83286b1cce702) (ScriptedImporter) -> (artifact id: '0db9484e7fd289f837f93a7deff6a87a') in 0.0247415 seconds
Number of updated asset objects reloaded before import = 0Number of asset objects unloaded after import = 2

========================================================================
Received Import Request.
  Time since last request: 0.000021 seconds.
  path: Assets/Imports/JMO Assets/WarFX/Desktop/Textures/Misc/WFX_T_Debris Wood.tga
  artifactKey: Guid(6499ec80e8fac904592dfa142f3436ae) Importer(2089858483,192608db42251d675da83286b1cce702)
Start importing Assets/Imports/JMO Assets/WarFX/Desktop/Textures/Misc/WFX_T_Debris Wood.tga using Guid(6499ec80e8fac904592dfa142f3436ae) Importer(2089858483,192608db42251d675da83286b1cce702) (ScriptedImporter) -> (artifact id: 'fa217b046ec5cffdc818c3a1c8a94f94') in 0.0393057 seconds
Number of updated asset objects reloaded before import = 0Number of asset objects unloaded after import = 1

========================================================================
Received Import Request.
  Time since last request: 0.000028 seconds.
  path: Assets/Imports/JMO Assets/WarFX/Desktop/Textures/Misc/WFX_T_Sparks Metal A8.png
  artifactKey: Guid(12c8a95ddc5cf3f42845dd67d4806a43) Importer(2089858483,192608db42251d675da83286b1cce702)
Start importing Assets/Imports/JMO Assets/WarFX/Desktop/Textures/Misc/WFX_T_Sparks Metal A8.png using Guid(12c8a95ddc5cf3f42845dd67d4806a43) Importer(2089858483,192608db42251d675da83286b1cce702) (ScriptedImporter) -> (artifact id: 'a92a17d01f572d4898f91191a7992416') in 0.0285799 seconds
Number of updated asset objects reloaded before import = 0Number of asset objects unloaded after import = 1

========================================================================
Received Import Request.
  Time since last request: 0.000015 seconds.
  path: Assets/Imports/JMO Assets/WarFX/Desktop/Textures/MuzzleFlashes/WFX_T_MF Sparks RIFLE3 A8.tga
  artifactKey: Guid(0cc149bc487ff27419e48863a408b77a) Importer(2089858483,192608db42251d675da83286b1cce702)
Start importing Assets/Imports/JMO Assets/WarFX/Desktop/Textures/MuzzleFlashes/WFX_T_MF Sparks RIFLE3 A8.tga using Guid(0cc149bc487ff27419e48863a408b77a) Importer(2089858483,192608db42251d675da83286b1cce702) (ScriptedImporter) -> (artifact id: 'f1ba0b2896fed4f4fcba1d10f13bc70f') in 0.027388 seconds
Number of updated asset objects reloaded before import = 0Number of asset objects unloaded after import = 1

========================================================================
Received Import Request.
  Time since last request: 0.000020 seconds.
  path: Assets/Imports/JMO Assets/WarFX/Demo/UI Canvas/CFX Demo Btn Ground.png
  artifactKey: Guid(a2bcf923df54ffa4ba7e795955c5dc22) Importer(2089858483,192608db42251d675da83286b1cce702)
Start importing Assets/Imports/JMO Assets/WarFX/Demo/UI Canvas/CFX Demo Btn Ground.png using Guid(a2bcf923df54ffa4ba7e795955c5dc22) Importer(2089858483,192608db42251d675da83286b1cce702) (ScriptedImporter) -> (artifact id: '1a230675bc822170bf496d6142249b35') in 0.0400063 seconds
Number of updated asset objects reloaded before import = 0Number of asset objects unloaded after import = 3

========================================================================
Received Import Request.
  Time since last request: 0.000020 seconds.
  path: Assets/Imports/JMO Assets/WarFX/_Effects (Mobile)/Explosions/WFXMR_ExplosiveSmoke Big Alt.prefab
  artifactKey: Guid(d609d5ebc845aca409f72e9c6a56dc60) Importer(2089858483,192608db42251d675da83286b1cce702)
Start importing Assets/Imports/JMO Assets/WarFX/_Effects (Mobile)/Explosions/WFXMR_ExplosiveSmoke Big Alt.prefab using Guid(d609d5ebc845aca409f72e9c6a56dc60) Importer(2089858483,192608db42251d675da83286b1cce702) (ScriptedImporter) -> (artifact id: 'c81056227b940254a9e19ae306ad32ee') in 0.0558557 seconds
Number of updated asset objects reloaded before import = 0Number of asset objects unloaded after import = 28

========================================================================
Received Import Request.
  Time since last request: 0.000066 seconds.
  path: Assets/Imports/JMO Assets/WarFX/Mobile/Materials/Smoke/WFXM_M_SmokeNoise.mat
  artifactKey: Guid(47eb3fdd01eb327428cfafbefee8f3bc) Importer(2089858483,192608db42251d675da83286b1cce702)
Start importing Assets/Imports/JMO Assets/WarFX/Mobile/Materials/Smoke/WFXM_M_SmokeNoise.mat using Guid(47eb3fdd01eb327428cfafbefee8f3bc) Importer(2089858483,192608db42251d675da83286b1cce702) (ScriptedImporter) -> (artifact id: '08117c6064361744dd5712551bd84639') in 0.0246797 seconds
Number of updated asset objects reloaded before import = 0Number of asset objects unloaded after import = 2

========================================================================
Received Import Request.
  Time since last request: 0.000020 seconds.
  path: Assets/Imports/JMO Assets/WarFX/Mobile/Materials/Misc/WFXM_M_GlowPalet Add.mat
  artifactKey: Guid(2f247612a97dc9646b9624cf12731e38) Importer(2089858483,192608db42251d675da83286b1cce702)
Start importing Assets/Imports/JMO Assets/WarFX/Mobile/Materials/Misc/WFXM_M_GlowPalet Add.mat using Guid(2f247612a97dc9646b9624cf12731e38) Importer(2089858483,192608db42251d675da83286b1cce702) (ScriptedImporter) -> (artifact id: '451034a6b0f79ee2d2ce617588d8a954') in 0.0208106 seconds
Number of updated asset objects reloaded before import = 0Number of asset objects unloaded after import = 2

========================================================================
Received Import Request.
  Time since last request: 0.000021 seconds.
  path: Assets/Imports/JMO Assets/WarFX/Mobile/Materials/Smoke/WFXM_M_SmokeScroll Add.mat
  artifactKey: Guid(ac5e326588327d841b2501709f9b491e) Importer(2089858483,192608db42251d675da83286b1cce702)
Start importing Assets/Imports/JMO Assets/WarFX/Mobile/Materials/Smoke/WFXM_M_SmokeScroll Add.mat using Guid(ac5e326588327d841b2501709f9b491e) Importer(2089858483,192608db42251d675da83286b1cce702) (ScriptedImporter) -> (artifact id: 'ecc2c5f6758bdc4b031e2a17acd7f403') in 0.029455 seconds
Number of updated asset objects reloaded before import = 0Number of asset objects unloaded after import = 2

========================================================================
Received Import Request.
  Time since last request: 0.000020 seconds.
  path: Assets/Imports/JMO Assets/WarFX/Mobile/Textures/Misc/WFXM_T_SmallDots Inversed A8.png
  artifactKey: Guid(9a1e633d22202b34eb4618124e2fbae9) Importer(2089858483,192608db42251d675da83286b1cce702)
Start importing Assets/Imports/JMO Assets/WarFX/Mobile/Textures/Misc/WFXM_T_SmallDots Inversed A8.png using Guid(9a1e633d22202b34eb4618124e2fbae9) Importer(2089858483,192608db42251d675da83286b1cce702) (ScriptedImporter) -> (artifact id: 'e8ef301cc0c6460f26878193fbda5813') in 0.0395036 seconds
Number of updated asset objects reloaded before import = 0Number of asset objects unloaded after import = 1

========================================================================
Received Import Request.
  Time since last request: 0.000028 seconds.
  path: Assets/Imports/JMO Assets/WarFX/_Effects (Mobile)/Explosions/WFXMR_Explosion Simple.prefab
  artifactKey: Guid(8f611da60097c85438a2947021f045cf) Importer(2089858483,192608db42251d675da83286b1cce702)
Start importing Assets/Imports/JMO Assets/WarFX/_Effects (Mobile)/Explosions/WFXMR_Explosion Simple.prefab using Guid(8f611da60097c85438a2947021f045cf) Importer(2089858483,192608db42251d675da83286b1cce702) (ScriptedImporter) -> (artifact id: '92c5b3e265f09418cbfd2b4ef7382e96') in 0.0620405 seconds
Number of updated asset objects reloaded before import = 0Number of asset objects unloaded after import = 28

========================================================================
Received Import Request.
  Time since last request: 0.000020 seconds.
  path: Assets/Imports/JMO Assets/WarFX/_Effects (Mobile)/Bullet Impacts/WFXMR_BImpact Wood NoCollision.prefab
  artifactKey: Guid(2bad6b8b976e8a44cacd2a270b2d3ef2) Importer(2089858483,192608db42251d675da83286b1cce702)
Start importing Assets/Imports/JMO Assets/WarFX/_Effects (Mobile)/Bullet Impacts/WFXMR_BImpact Wood NoCollision.prefab using Guid(2bad6b8b976e8a44cacd2a270b2d3ef2) Importer(2089858483,192608db42251d675da83286b1cce702) (ScriptedImporter) -> (artifact id: '017f35398216f51109e1dd9f49a0399e') in 0.0533519 seconds
Number of updated asset objects reloaded before import = 0Number of asset objects unloaded after import = 16

========================================================================
Received Import Request.
  Time since last request: 0.000023 seconds.
  path: Assets/Imports/JMO Assets/WarFX/_Effects (Mobile)/Bullet Impacts/+ Bullet Hole/WFXMR_BImpact Dirt + Hole.prefab
  artifactKey: Guid(6dc033bcc9d82ea4fa59028b76c5b7c3) Importer(2089858483,192608db42251d675da83286b1cce702)
Start importing Assets/Imports/JMO Assets/WarFX/_Effects (Mobile)/Bullet Impacts/+ Bullet Hole/WFXMR_BImpact Dirt + Hole.prefab using Guid(6dc033bcc9d82ea4fa59028b76c5b7c3) Importer(2089858483,192608db42251d675da83286b1cce702) (ScriptedImporter) -> (artifact id: 'cf75f8210f6f22dc0cab8b5693adf6ea') in 0.0567774 seconds
Number of updated asset objects reloaded before import = 0Number of asset objects unloaded after import = 22

========================================================================
Received Import Request.
  Time since last request: 0.000031 seconds.
  path: Assets/Imports/JMO Assets/WarFX/_Effects/Fire/No Smoke/WFX_Fire Natural (No Smoke).prefab
  artifactKey: Guid(b3167a8e5b4bb9541be8e07f4fac8355) Importer(2089858483,192608db42251d675da83286b1cce702)
Start importing Assets/Imports/JMO Assets/WarFX/_Effects/Fire/No Smoke/WFX_Fire Natural (No Smoke).prefab using Guid(b3167a8e5b4bb9541be8e07f4fac8355) Importer(2089858483,192608db42251d675da83286b1cce702) (ScriptedImporter) -> (artifact id: '96b63adb41cfb2b4a514cb65a7bbb467') in 0.0898239 seconds
Number of updated asset objects reloaded before import = 0Number of asset objects unloaded after import = 12

========================================================================
Received Import Request.
  Time since last request: 0.000090 seconds.
  path: Assets/Imports/JMO Assets/WarFX/Mobile/Textures/MuzzleFlashes/WFXM_T_MF Side RIFLE1 A8.png
  artifactKey: Guid(af192a8ff3392cf489f256b2b152e039) Importer(2089858483,192608db42251d675da83286b1cce702)
Start importing Assets/Imports/JMO Assets/WarFX/Mobile/Textures/MuzzleFlashes/WFXM_T_MF Side RIFLE1 A8.png using Guid(af192a8ff3392cf489f256b2b152e039) Importer(2089858483,192608db42251d675da83286b1cce702) (ScriptedImporter) -> (artifact id: '3ade0ffe9361a4a30e98eab1b292c2ae') in 0.0295371 seconds
Number of updated asset objects reloaded before import = 0Number of asset objects unloaded after import = 1

========================================================================
Received Import Request.
  Time since last request: 0.000015 seconds.
  path: Assets/Imports/JMO Assets/WarFX/_Effects/Smoke/Color Variants/WFX_SmokeGrenade AlphaBlend Blue.prefab
  artifactKey: Guid(bc0b2f96facec664db900c70be366a48) Importer(2089858483,192608db42251d675da83286b1cce702)
Start importing Assets/Imports/JMO Assets/WarFX/_Effects/Smoke/Color Variants/WFX_SmokeGrenade AlphaBlend Blue.prefab using Guid(bc0b2f96facec664db900c70be366a48) Importer(2089858483,192608db42251d675da83286b1cce702) (ScriptedImporter) -> (artifact id: '614f2d52fb8390b40ad1ba472fb12832') in 0.0515661 seconds
Number of updated asset objects reloaded before import = 0Number of asset objects unloaded after import = 12

========================================================================
Received Import Request.
  Time since last request: 0.000031 seconds.
  path: Assets/Imports/JMO Assets/WarFX/_Effects/Fire/Black Smoke/WFX_GazFire (Black Smoke).prefab
  artifactKey: Guid(a83e0ffec52c58a47a7af8081a1dab6d) Importer(2089858483,3d70f49cd1c2eb9ae422958d1c652c6b)
Start importing Assets/Imports/JMO Assets/WarFX/_Effects/Fire/Black Smoke/WFX_GazFire (Black Smoke).prefab using Guid(a83e0ffec52c58a47a7af8081a1dab6d) Importer(2089858483,3d70f49cd1c2eb9ae422958d1c652c6b) (ScriptedImporter) -> (artifact id: '2e81f893fbb2b2efdd28c1612f6c2c0d') in 0.0371274 seconds
Number of updated asset objects reloaded before import = 0Number of asset objects unloaded after import = 18

========================================================================
Received Import Request.
  Time since last request: 0.000020 seconds.
  path: Assets/Imports/JMO Assets/WarFX/_Effects (Mobile)/Bullet Impacts/+ Bullet Hole/Lit/WFXMR_BImpact Wood NoCollision + Hole Lit.prefab
  artifactKey: Guid(133ce51c43895d8478487fdabceb2e64) Importer(2089858483,192608db42251d675da83286b1cce702)
Start importing Assets/Imports/JMO Assets/WarFX/_Effects (Mobile)/Bullet Impacts/+ Bullet Hole/Lit/WFXMR_BImpact Wood NoCollision + Hole Lit.prefab using Guid(133ce51c43895d8478487fdabceb2e64) Importer(2089858483,192608db42251d675da83286b1cce702) (ScriptedImporter) -> (artifact id: 'dba7a43222510b3dc5d2b548b9c15b01') in 0.0766627 seconds
Number of updated asset objects reloaded before import = 0Number of asset objects unloaded after import = 22

========================================================================
Received Import Request.
  Time since last request: 0.000023 seconds.
  path: Assets/Imports/JMO Assets/WarFX/_Effects (Mobile)/Bullet Impacts/+ Bullet Hole/Lit/WFXMR_BImpact Concrete + Hole Lit.prefab
  artifactKey: Guid(1713e531a06d4d547acdc97e2f7f03e6) Importer(2089858483,192608db42251d675da83286b1cce702)
Start importing Assets/Imports/JMO Assets/WarFX/_Effects (Mobile)/Bullet Impacts/+ Bullet Hole/Lit/WFXMR_BImpact Concrete + Hole Lit.prefab using Guid(1713e531a06d4d547acdc97e2f7f03e6) Importer(2089858483,192608db42251d675da83286b1cce702) (ScriptedImporter) -> (artifact id: '1d0681375319aea764e95a6e2e37f6a1') in 0.056506 seconds
Number of updated asset objects reloaded before import = 0Number of asset objects unloaded after import = 22

========================================================================
Received Import Request.
  Time since last request: 0.000025 seconds.
  path: Assets/Imports/JMO Assets/WarFX/_Effects (Mobile)/Smoke/Color Variants/WFXMR_SmokeGrenade AlphaBlend Green.prefab
  artifactKey: Guid(1b965847239ef1b4bb7bf9b94bd359af) Importer(2089858483,192608db42251d675da83286b1cce702)
Start importing Assets/Imports/JMO Assets/WarFX/_Effects (Mobile)/Smoke/Color Variants/WFXMR_SmokeGrenade AlphaBlend Green.prefab using Guid(1b965847239ef1b4bb7bf9b94bd359af) Importer(2089858483,192608db42251d675da83286b1cce702) (ScriptedImporter) -> (artifact id: 'ade91c4ed1671295c356643fc19e9015') in 0.0524835 seconds
Number of updated asset objects reloaded before import = 0Number of asset objects unloaded after import = 12

========================================================================
Received Import Request.
  Time since last request: 0.000021 seconds.
  path: Assets/Imports/JMO Assets/WarFX/Mobile/Textures/MuzzleFlashes/WFXM_T_MF Sparks RIFLE3 A8.tga
  artifactKey: Guid(c07b27fb95623dd4db154ece46390112) Importer(2089858483,192608db42251d675da83286b1cce702)
Start importing Assets/Imports/JMO Assets/WarFX/Mobile/Textures/MuzzleFlashes/WFXM_T_MF Sparks RIFLE3 A8.tga using Guid(c07b27fb95623dd4db154ece46390112) Importer(2089858483,192608db42251d675da83286b1cce702) (ScriptedImporter) -> (artifact id: 'efdee988931fa073ba4dcad89287d2d3') in 0.0623483 seconds
Number of updated asset objects reloaded before import = 0Number of asset objects unloaded after import = 1

========================================================================
Received Import Request.
  Time since last request: 0.000030 seconds.
  path: Assets/Imports/JMO Assets/WarFX/Desktop/Materials/Impacts/WFX_M_Impact Debris.mat
  artifactKey: Guid(dcc19ce42d48d6648a4d66911790b60f) Importer(2089858483,192608db42251d675da83286b1cce702)
Start importing Assets/Imports/JMO Assets/WarFX/Desktop/Materials/Impacts/WFX_M_Impact Debris.mat using Guid(dcc19ce42d48d6648a4d66911790b60f) Importer(2089858483,192608db42251d675da83286b1cce702) (ScriptedImporter) -> (artifact id: 'b8ff9d346844c4b559a62c977a43ae8c') in 0.0218936 seconds
Number of updated asset objects reloaded before import = 0Number of asset objects unloaded after import = 2

========================================================================
Received Import Request.
  Time since last request: 0.000030 seconds.
  path: Assets/Imports/JMO Assets/Cartoon FX Easy Editor/Editor/CFXEasyEditor.cs
  artifactKey: Guid(d56b3c7055d81cb44803b5d7db4b65e0) Importer(2089858483,192608db42251d675da83286b1cce702)
Start importing Assets/Imports/JMO Assets/Cartoon FX Easy Editor/Editor/CFXEasyEditor.cs using Guid(d56b3c7055d81cb44803b5d7db4b65e0) Importer(2089858483,192608db42251d675da83286b1cce702) (ScriptedImporter) -> (artifact id: '4069e95007ff518b6e33fecf9057af57') in 0.0182916 seconds
Number of updated asset objects reloaded before import = 0Number of asset objects unloaded after import = 0

Editor requested this worker to shutdown with reason: balancing worker count downwards
AssetImportWorker is now disconnected from the server
Process exiting
Exiting without the bug reporter. Application will terminate with return code 0