Built from '6000.2/respin/6000.2.7f1-2eb0c79396db' branch; Version is '6000.2.7f2 (2b518236b676) revision 2838914'; Using compiler version '194234433'; Build Type 'Release'
[Licensing::Module] Trying to connect to existing licensing client channel...
[Licensing::IpcConnector] Successfully connected to: "LicenseClient-b15-06t2" at "2026-02-05T17:07:19.9576942Z"
OS: 'Windows 10  (10.0.19045) 64bit ProfessionalEducation' Language: 'es' Physical Memory: 32635 MB
BatchMode: 1, IsHumanControllingUs: 0, StartBugReporterOnCrash: 0, Is64bit: 1
Date: 2026-02-05T17:07:19Z

COMMAND LINE ARGUMENTS:
C:\Program Files\Unity\Hub\Editor\6000.2.7f2\Editor\Unity.exe
-adb2
-batchMode
-noUpm
-name
AssetImportWorker12
-projectPath
C:/UnityGithub/Granada
-logFile
Logs/AssetImportWorker12.log
-srvPort
56679
-licensingIpc
LicenseClient-b15-06t2
-job-worker-count
7
-background-job-worker-count
8
-gc-helper-count
1
-name
AssetImport
Successfully changed project path to: C:/UnityGithub/Granada
C:/UnityGithub/Granada
[UnityMemory] Configuration Parameters - Can be set up in boot.config
    "memorysetup-allocator-temp-initial-block-size-main=262144"
    "memorysetup-allocator-temp-initial-block-size-worker=262144"
    "memorysetup-bucket-allocator-granularity=16"
    "memorysetup-bucket-allocator-bucket-count=8"
    "memorysetup-bucket-allocator-block-size=33554432"
    "memorysetup-bucket-allocator-block-count=8"
    "memorysetup-main-allocator-block-size=16777216"
    "memorysetup-thread-allocator-block-size=16777216"
    "memorysetup-gfx-main-allocator-block-size=16777216"
    "memorysetup-gfx-thread-allocator-block-size=16777216"
    "memorysetup-cache-allocator-block-size=4194304"
    "memorysetup-typetree-allocator-block-size=2097152"
    "memorysetup-profiler-bucket-allocator-granularity=16"
    "memorysetup-profiler-bucket-allocator-bucket-count=8"
    "memorysetup-profiler-bucket-allocator-block-size=33554432"
    "memorysetup-profiler-bucket-allocator-block-count=8"
    "memorysetup-profiler-allocator-block-size=16777216"
    "memorysetup-profiler-editor-allocator-block-size=1048576"
    "memorysetup-temp-allocator-size-main=16777216"
    "memorysetup-job-temp-allocator-block-size=2097152"
    "memorysetup-job-temp-allocator-block-size-background=1048576"
    "memorysetup-job-temp-allocator-reduction-small-platforms=262144"
    "memorysetup-temp-allocator-size-background-worker=32768"
    "memorysetup-temp-allocator-size-job-worker=262144"
    "memorysetup-temp-allocator-size-preload-manager=33554432"
    "memorysetup-temp-allocator-size-nav-mesh-worker=65536"
    "memorysetup-temp-allocator-size-audio-worker=65536"
    "memorysetup-temp-allocator-size-cloud-worker=32768"
    "memorysetup-temp-allocator-size-gi-baking-worker=262144"
    "memorysetup-temp-allocator-size-gi-baking-worker=262144"
    "memorysetup-temp-allocator-size-gi-baking-worker=262144"
    "memorysetup-temp-allocator-size-gi-baking-worker=262144"
    "memorysetup-temp-allocator-size-gi-baking-worker=262144"
    "memorysetup-temp-allocator-size-gfx=262144"
Player connection [24056]  Target information:

Player connection [24056]  * "[IP] 10.15.0.6 [Port] 0 [Flags] 2 [Guid] 3067011868 [EditorId] 3067011868 [Version] 1048832 [Id] WindowsEditor(7,AULAB15-06) [Debug] 1 [PackageName] WindowsEditor [ProjectName] Editor" 

Player connection [24056]  * "[IP] 192.168.56.1 [Port] 0 [Flags] 2 [Guid] 3067011868 [EditorId] 3067011868 [Version] 1048832 [Id] WindowsEditor(7,AULAB15-06) [Debug] 1 [PackageName] WindowsEditor [ProjectName] Editor" 

Player connection [24056]  * "[IP] 172.30.176.1 [Port] 0 [Flags] 2 [Guid] 3067011868 [EditorId] 3067011868 [Version] 1048832 [Id] WindowsEditor(7,AULAB15-06) [Debug] 1 [PackageName] WindowsEditor [ProjectName] Editor" 

Player connection [24056] Host joined multi-casting on [225.0.0.222:54997]...
Player connection [24056] Host joined alternative multi-casting on [225.0.0.222:34997]...
JobSystem: Creating JobQueue using job-worker-count value 7
Input System module state changed to: Initialized.
[Physics::Module] Initialized fallback backend.
[Physics::Module] Id: 0xdecafbad
[Licensing::Client] Code 10 while verifying Licensing Client signature (process Id: 8368, path: "C:/Program Files/Unity Hub/UnityLicensingClient_V1/Unity.Licensing.Client.exe")
[Licensing::Module] LicensingClient has failed validation; ignoring
[Licensing::Client] Handshaking with LicensingClient:
  Version:                 1.17.3+a4e98f1
  Session Id:              457b8762f14a49a9bf8f0829ccaa6a34
  Correlation Id:          9595d931ce30acdf9c86d53fab512b4e
  External correlation Id: 3759765144656806369
  Machine Id:              rk4/wnZTdctTDab783WbcWnflrA=
[Licensing::Module] Successfully connected to LicensingClient on channel: "LicenseClient-b15-06t2" (connect: 0.00s, validation: 0.00s, handshake: 0.05s)
[Licensing::IpcConnector] Successfully connected to: "LicenseClient-b15-06t2-notifications" at "2026-02-05T17:07:20.0067303Z"
[Licensing::Module] Licensing Background thread has ended after 0.05s
Library Redirect Path: Library/
[Physics::Module] Selected backend.
[Physics::Module] Name: PhysX
[Physics::Module] Id: 0xf2b8ea05
[Physics::Module] SDK Version: 4.1.2
[Physics::Module] Integration Version: 1.0.0
[Physics::Module] Threading Mode: Multi-Threaded
Refreshing native plugins compatible for Editor in 2.81 ms, found 3 plugins.
Preloading 0 native plugins for Editor in 0.00 ms.
Initialize engine version: 6000.2.7f2 (2b518236b676)
[Subsystems] Discovering subsystems at path C:/Program Files/Unity/Hub/Editor/6000.2.7f2/Editor/Data/Resources/UnitySubsystems
[Subsystems] Discovering subsystems at path C:/UnityGithub/Granada/Assets
GfxDevice: creating device client; kGfxThreadingModeNonThreaded
Direct3D:
    Version:  Direct3D 11.0 [level 11.1]
    Renderer: NVIDIA GeForce GTX 1650 (ID=0x2188)
    Vendor:   NVIDIA
    VRAM:     3935 MB
    Driver:   32.0.15.6094
Shader 'WFX/Transparent Diffuse': fallback shader 'Particles/Alpha Blended' not found
Shader 'WFX/Transparent Specular': fallback shader 'Particles/Alpha Blended' not found
Initialize mono
Mono path[0] = 'C:/Program Files/Unity/Hub/Editor/6000.2.7f2/Editor/Data/Managed'
Mono path[1] = 'C:/Program Files/Unity/Hub/Editor/6000.2.7f2/Editor/Data/MonoBleedingEdge/lib/mono/unityjit-win32'
Mono config path = 'C:/Program Files/Unity/Hub/Editor/6000.2.7f2/Editor/Data/MonoBleedingEdge/etc'
Using monoOptions --debugger-agent=transport=dt_socket,embedding=1,server=y,suspend=n,address=127.0.0.1:56188
Begin MonoManager ReloadAssembly
Registering precompiled unity dll's ...
Register platform support module: C:/Program Files/Unity/Hub/Editor/6000.2.7f2/Editor/Data/PlaybackEngines/WindowsStandaloneSupport/UnityEditor.WindowsStandalone.Extensions.dll
[Licensing::Client] Successfully resolved entitlement details
[Licensing::Module] License group:
  Id: 1375750539729-UnityPersXXXX
  Product: Unity Personal
  Type: Assigned
  Expiration: Unlimited
Register platform support module: C:/Program Files/Unity/Hub/Editor/6000.2.7f2/Editor/Data/PlaybackEngines/AndroidPlayer/UnityEditor.Android.Extensions.dll
Registered in 0.004916 seconds.
- Loaded All Assemblies, in  0.548 seconds
Native extension for Android target not found
Android Extension - Scanning For ADB Devices 397 ms
Native extension for WindowsStandalone target not found
Mono: successfully reloaded assembly
- Finished resetting the current domain, in  1.028 seconds
Domain Reload Profiling: 1573ms
	BeginReloadAssembly (170ms)
		ExecutionOrderSort (0ms)
		DisableScriptedObjects (0ms)
		BackupInstance (0ms)
		ReleaseScriptingObjects (0ms)
		CreateAndSetChildDomain (1ms)
	RebuildCommonClasses (53ms)
	RebuildNativeTypeToScriptingClass (18ms)
	initialDomainReloadingComplete (74ms)
	LoadAllAssembliesAndSetupDomain (229ms)
		LoadAssemblies (165ms)
		RebuildTransferFunctionScriptingTraits (0ms)
		AnalyzeDomain (225ms)
			TypeCache.Refresh (223ms)
				TypeCache.ScanAssembly (205ms)
			BuildScriptInfoCaches (0ms)
			ResolveRequiredComponents (1ms)
	FinalizeReload (1029ms)
		ReleaseScriptCaches (0ms)
		RebuildScriptCaches (0ms)
		SetupLoadedEditorAssemblies (964ms)
			LogAssemblyErrors (0ms)
			InitializePlatformSupportModulesInManaged (549ms)
			SetLoadedEditorAssemblies (5ms)
			BeforeProcessingInitializeOnLoad (138ms)
			ProcessInitializeOnLoadAttributes (204ms)
			ProcessInitializeOnLoadMethodAttributes (68ms)
			AfterProcessingInitializeOnLoad (0ms)
			EditorAssembliesLoaded (0ms)
		ExecutionOrderSort2 (0ms)
		AwakeInstancesAfterBackupRestoration (0ms)
========================================================================
Worker process is ready to serve import requests
Import Worker Mode flag is 0x00
Begin MonoManager ReloadAssembly
[Licensing::Client] Successfully resolved entitlement details
- Loaded All Assemblies, in  1.165 seconds
Refreshing native plugins compatible for Editor in 2.15 ms, found 3 plugins.
Native extension for Android target not found
Native extension for WindowsStandalone target not found
Package Manager log level set to [2]
[Package Manager] Failed to launch server process. Reason: Unity was launched with the -noUpm command-line argument
[Package Manager] Unable to send message (not connected to server process).
[Package Manager] Cannot connect to Unity Package Manager local server
Mono: successfully reloaded assembly
- Finished resetting the current domain, in  1.237 seconds
Domain Reload Profiling: 2394ms
	BeginReloadAssembly (272ms)
		ExecutionOrderSort (0ms)
		DisableScriptedObjects (8ms)
		BackupInstance (0ms)
		ReleaseScriptingObjects (0ms)
		CreateAndSetChildDomain (53ms)
	RebuildCommonClasses (59ms)
	RebuildNativeTypeToScriptingClass (18ms)
	initialDomainReloadingComplete (66ms)
	LoadAllAssembliesAndSetupDomain (741ms)
		LoadAssemblies (518ms)
		RebuildTransferFunctionScriptingTraits (0ms)
		AnalyzeDomain (361ms)
			TypeCache.Refresh (280ms)
				TypeCache.ScanAssembly (255ms)
			BuildScriptInfoCaches (62ms)
			ResolveRequiredComponents (15ms)
	FinalizeReload (1237ms)
		ReleaseScriptCaches (0ms)
		RebuildScriptCaches (0ms)
		SetupLoadedEditorAssemblies (863ms)
			LogAssemblyErrors (0ms)
			InitializePlatformSupportModulesInManaged (14ms)
			SetLoadedEditorAssemblies (8ms)
			BeforeProcessingInitializeOnLoad (287ms)
			ProcessInitializeOnLoadAttributes (473ms)
			ProcessInitializeOnLoadMethodAttributes (72ms)
			AfterProcessingInitializeOnLoad (9ms)
			EditorAssembliesLoaded (0ms)
		ExecutionOrderSort2 (0ms)
		AwakeInstancesAfterBackupRestoration (8ms)
Shader 'WFX/Transparent Specular': fallback shader 'Particles/Alpha Blended' not found
Shader 'WFX/Transparent Diffuse': fallback shader 'Particles/Alpha Blended' not found
Launched and connected shader compiler UnityShaderCompiler.exe after 0.09 seconds
Refreshing native plugins compatible for Editor in 1.29 ms, found 3 plugins.
Preloading 0 native plugins for Editor in 0.00 ms.
Unloading 14 Unused Serialized files (Serialized files now loaded: 0)
Unloading 6174 unused Assets / (4.9 MB). Loaded Objects now: 6879.
Memory consumption went from 132.3 MB to 127.3 MB.
Total: 89.024400 ms (FindLiveObjects: 1.422400 ms CreateObjectMapping: 1.351200 ms MarkObjects: 83.071100 ms  DeleteObjects: 3.175700 ms)

========================================================================
Received Import Request.
  Time since last request: 19546.245407 seconds.
  path: Assets/Settings/Mobile_RPAsset.asset
  artifactKey: Guid(5e6cbd92db86f4b18aec3ed561671858) Importer(2089858483,192608db42251d675da83286b1cce702)
Start importing Assets/Settings/Mobile_RPAsset.asset using Guid(5e6cbd92db86f4b18aec3ed561671858) Importer(2089858483,192608db42251d675da83286b1cce702) (ScriptedImporter) -> (artifact id: '57f24cb291d31cd403a094aa37356de0') in 1.0843087 seconds
Number of updated asset objects reloaded before import = 0Number of asset objects unloaded after import = 2

========================================================================
Received Import Request.
  Time since last request: 0.000030 seconds.
  path: Assets/Imports/JMO Assets/WarFX/_Effects/Smoke/Color Variants/WFX_SmokeGrenade AlphaBlend Blue.prefab
  artifactKey: Guid(bc0b2f96facec664db900c70be366a48) Importer(2089858483,3d70f49cd1c2eb9ae422958d1c652c6b)
Start importing Assets/Imports/JMO Assets/WarFX/_Effects/Smoke/Color Variants/WFX_SmokeGrenade AlphaBlend Blue.prefab using Guid(bc0b2f96facec664db900c70be366a48) Importer(2089858483,3d70f49cd1c2eb9ae422958d1c652c6b) (ScriptedImporter) -> (artifact id: '222dd7a65b04cc0aa5dc2c775acf8ef8') in 0.0464054 seconds
Number of updated asset objects reloaded before import = 0Number of asset objects unloaded after import = 13

========================================================================
Received Import Request.
  Time since last request: 0.000029 seconds.
  path: Assets/Imports/JMO Assets/WarFX/Desktop/Materials/Flames/WFX_M_FlameSmall ScrollAdd.mat
  artifactKey: Guid(654261d22ff230341bd50c7ddb17c2c7) Importer(2089858483,192608db42251d675da83286b1cce702)
Start importing Assets/Imports/JMO Assets/WarFX/Desktop/Materials/Flames/WFX_M_FlameSmall ScrollAdd.mat using Guid(654261d22ff230341bd50c7ddb17c2c7) Importer(2089858483,192608db42251d675da83286b1cce702) (ScriptedImporter) -> (artifact id: '82ef1109a6ae532991f0134a48643cd7') in 0.0402581 seconds
Number of updated asset objects reloaded before import = 0Number of asset objects unloaded after import = 2

========================================================================
Received Import Request.
  Time since last request: 0.000019 seconds.
  path: Assets/Imports/JMO Assets/WarFX/_Effects (Mobile)/Smoke/WFXMR_SmokeGrenade Additive.prefab
  artifactKey: Guid(5a4630d3d41eb154fb963600cf40e826) Importer(2089858483,3d70f49cd1c2eb9ae422958d1c652c6b)
Start importing Assets/Imports/JMO Assets/WarFX/_Effects (Mobile)/Smoke/WFXMR_SmokeGrenade Additive.prefab using Guid(5a4630d3d41eb154fb963600cf40e826) Importer(2089858483,3d70f49cd1c2eb9ae422958d1c652c6b) (ScriptedImporter) -> (artifact id: '7484051577f58b6624b690928af9698d') in 0.0213001 seconds
Number of updated asset objects reloaded before import = 0Number of asset objects unloaded after import = 12

========================================================================
Received Import Request.
  Time since last request: 0.000021 seconds.
  path: Assets/Imports/JMO Assets/WarFX/_Effects/Smoke/Color Variants/WFX_SmokeGrenade AlphaBlend Purple.prefab
  artifactKey: Guid(7cde0416639579a4787e7142ede5fd5f) Importer(2089858483,3d70f49cd1c2eb9ae422958d1c652c6b)
Start importing Assets/Imports/JMO Assets/WarFX/_Effects/Smoke/Color Variants/WFX_SmokeGrenade AlphaBlend Purple.prefab using Guid(7cde0416639579a4787e7142ede5fd5f) Importer(2089858483,3d70f49cd1c2eb9ae422958d1c652c6b) (ScriptedImporter) -> (artifact id: '59ac8da157d0f15d98afd1a4b2c5b345') in 0.0212359 seconds
Number of updated asset objects reloaded before import = 0Number of asset objects unloaded after import = 13

========================================================================
Received Import Request.
  Time since last request: 0.000023 seconds.
  path: Assets/Imports/JMO Assets/WarFX/Shaders/WFX_S Add Scroll.shader
  artifactKey: Guid(7439add42f7e65b4dbc36568299dde17) Importer(2089858483,192608db42251d675da83286b1cce702)
Start importing Assets/Imports/JMO Assets/WarFX/Shaders/WFX_S Add Scroll.shader using Guid(7439add42f7e65b4dbc36568299dde17) Importer(2089858483,192608db42251d675da83286b1cce702) (ScriptedImporter) -> (artifact id: '5c851762d88edd2542eac8c0b21d52f5') in 0.02381 seconds
Number of updated asset objects reloaded before import = 0Number of asset objects unloaded after import = 1

========================================================================
Received Import Request.
  Time since last request: 0.000028 seconds.
  path: Assets/Imports/JMO Assets/WarFX/_Effects/Explosions/WFX_ExplosiveSmokeGround Big Alt.prefab
  artifactKey: Guid(3364c97de68d3a147af572d1c71c6455) Importer(2089858483,3d70f49cd1c2eb9ae422958d1c652c6b)
Start importing Assets/Imports/JMO Assets/WarFX/_Effects/Explosions/WFX_ExplosiveSmokeGround Big Alt.prefab using Guid(3364c97de68d3a147af572d1c71c6455) Importer(2089858483,3d70f49cd1c2eb9ae422958d1c652c6b) (ScriptedImporter) -> (artifact id: '284407d7963371570496089d9da885be') in 0.0301928 seconds
Number of updated asset objects reloaded before import = 0Number of asset objects unloaded after import = 36

========================================================================
Received Import Request.
  Time since last request: 0.000025 seconds.
  path: Assets/Imports/JMO Assets/WarFX/Desktop/Materials/Bullet Holes/WFX_BulletHole Generic.mat
  artifactKey: Guid(38f55d80fabc44846a1222921faa20bf) Importer(2089858483,192608db42251d675da83286b1cce702)
Start importing Assets/Imports/JMO Assets/WarFX/Desktop/Materials/Bullet Holes/WFX_BulletHole Generic.mat using Guid(38f55d80fabc44846a1222921faa20bf) Importer(2089858483,192608db42251d675da83286b1cce702) (ScriptedImporter) -> (artifact id: '829569fcb46474b92d610db5516abeca') in 0.0457688 seconds
Number of updated asset objects reloaded before import = 0Number of asset objects unloaded after import = 2

========================================================================
Received Import Request.
  Time since last request: 0.000021 seconds.
  path: Assets/Imports/JMO Assets/WarFX/_Effects (Mobile)/Fire/Gray Smoke/WFXMR_Fire Natural Broad (Gray Smoke).prefab
  artifactKey: Guid(6653f15cda5958544adcee9813458b88) Importer(2089858483,3d70f49cd1c2eb9ae422958d1c652c6b)
Start importing Assets/Imports/JMO Assets/WarFX/_Effects (Mobile)/Fire/Gray Smoke/WFXMR_Fire Natural Broad (Gray Smoke).prefab using Guid(6653f15cda5958544adcee9813458b88) Importer(2089858483,3d70f49cd1c2eb9ae422958d1c652c6b) (ScriptedImporter) -> (artifact id: '0f4c9263ce12dee8906256fb5607b016') in 0.0250892 seconds
Number of updated asset objects reloaded before import = 0Number of asset objects unloaded after import = 18

========================================================================
Received Import Request.
  Time since last request: 0.000022 seconds.
  path: Assets/Imports/JMO Assets/WarFX/Desktop/Materials/Smoke/WFX_M_SmokeSpikeStretched.mat
  artifactKey: Guid(5c8ba5bc91b214f4b878b96136b4d1fa) Importer(2089858483,192608db42251d675da83286b1cce702)
Start importing Assets/Imports/JMO Assets/WarFX/Desktop/Materials/Smoke/WFX_M_SmokeSpikeStretched.mat using Guid(5c8ba5bc91b214f4b878b96136b4d1fa) Importer(2089858483,192608db42251d675da83286b1cce702) (ScriptedImporter) -> (artifact id: 'd90479bb3ca3aa5a9497110ed3ce0363') in 0.0246545 seconds
Number of updated asset objects reloaded before import = 0Number of asset objects unloaded after import = 2

========================================================================
Received Import Request.
  Time since last request: 0.000032 seconds.
  path: Assets/Imports/JMO Assets/WarFX/Desktop/Textures/Bullet Holes/WFX_T_BulletHoles Wood.tga
  artifactKey: Guid(89d0c674ad2352b469bf11932fcb9711) Importer(2089858483,192608db42251d675da83286b1cce702)
Start importing Assets/Imports/JMO Assets/WarFX/Desktop/Textures/Bullet Holes/WFX_T_BulletHoles Wood.tga using Guid(89d0c674ad2352b469bf11932fcb9711) Importer(2089858483,192608db42251d675da83286b1cce702) (ScriptedImporter) -> (artifact id: 'd5a94f55fd7efd224c398c8d14dbd96d') in 0.0681073 seconds
Number of updated asset objects reloaded before import = 0Number of asset objects unloaded after import = 1

========================================================================
Received Import Request.
  Time since last request: 0.000020 seconds.
  path: Assets/Imports/JMO Assets/WarFX/Desktop/Materials/Smoke/WFX_M_SmokeScroll SoftMult.mat
  artifactKey: Guid(7cd0317a189d24e488c96376bf32b9e1) Importer(2089858483,192608db42251d675da83286b1cce702)
Start importing Assets/Imports/JMO Assets/WarFX/Desktop/Materials/Smoke/WFX_M_SmokeScroll SoftMult.mat using Guid(7cd0317a189d24e488c96376bf32b9e1) Importer(2089858483,192608db42251d675da83286b1cce702) (ScriptedImporter) -> (artifact id: 'db7a57a4d6fc7ae7d94a46478a3c776a') in 0.0242456 seconds
Number of updated asset objects reloaded before import = 0Number of asset objects unloaded after import = 2

========================================================================
Received Import Request.
  Time since last request: 0.000020 seconds.
  path: Assets/Imports/JMO Assets/WarFX/_Effects/Explosions/WFX_Explosion Simple.prefab
  artifactKey: Guid(7075bd5fe1480184695a32611c15da57) Importer(2089858483,192608db42251d675da83286b1cce702)
Start importing Assets/Imports/JMO Assets/WarFX/_Effects/Explosions/WFX_Explosion Simple.prefab using Guid(7075bd5fe1480184695a32611c15da57) Importer(2089858483,192608db42251d675da83286b1cce702) (ScriptedImporter) -> (artifact id: '9d8bcc9f8bcb474b18aa4872ec4b4b22') in 0.1403234 seconds
Number of updated asset objects reloaded before import = 0Number of asset objects unloaded after import = 28

========================================================================
Received Import Request.
  Time since last request: 0.000020 seconds.
  path: Assets/Imports/JMO Assets/WarFX/Desktop/Textures/Flames/WFX_T_FlamesSmall 4frm.tga
  artifactKey: Guid(9cb7bb0b99eccab4794a6de5e6593024) Importer(2089858483,192608db42251d675da83286b1cce702)
Start importing Assets/Imports/JMO Assets/WarFX/Desktop/Textures/Flames/WFX_T_FlamesSmall 4frm.tga using Guid(9cb7bb0b99eccab4794a6de5e6593024) Importer(2089858483,192608db42251d675da83286b1cce702) (ScriptedImporter) -> (artifact id: 'badf959e6af2e4d651a325849d46ccc7') in 0.0339147 seconds
Number of updated asset objects reloaded before import = 0Number of asset objects unloaded after import = 1

========================================================================
Received Import Request.
  Time since last request: 0.000037 seconds.
  path: Assets/Imports/JMO Assets/WarFX/Mobile/Materials/Flames/WFXM_M_FlameBig Add.mat
  artifactKey: Guid(4ad9452cd1004624f819e31cda3cdcce) Importer(2089858483,192608db42251d675da83286b1cce702)
Start importing Assets/Imports/JMO Assets/WarFX/Mobile/Materials/Flames/WFXM_M_FlameBig Add.mat using Guid(4ad9452cd1004624f819e31cda3cdcce) Importer(2089858483,192608db42251d675da83286b1cce702) (ScriptedImporter) -> (artifact id: '8b8e4f50065ae04fcccb2d60e1dfea13') in 0.0385858 seconds
Number of updated asset objects reloaded before import = 0Number of asset objects unloaded after import = 2

========================================================================
Received Import Request.
  Time since last request: 0.000017 seconds.
  path: Assets/Imports/JMO Assets/WarFX/Desktop/Textures/Smoke/WFX_T_SmokeNoise.tga
  artifactKey: Guid(232c443afd6ed994aa4da1d352911753) Importer(2089858483,192608db42251d675da83286b1cce702)
Start importing Assets/Imports/JMO Assets/WarFX/Desktop/Textures/Smoke/WFX_T_SmokeNoise.tga using Guid(232c443afd6ed994aa4da1d352911753) Importer(2089858483,192608db42251d675da83286b1cce702) (ScriptedImporter) -> (artifact id: '427a4324629cc1ea1850bc2e976de4b1') in 0.0298737 seconds
Number of updated asset objects reloaded before import = 0Number of asset objects unloaded after import = 1

========================================================================
Received Import Request.
  Time since last request: 0.000018 seconds.
  path: Assets/Imports/JMO Assets/WarFX/_Effects/Explosions/WFX_ExplosiveSmokeGround.prefab
  artifactKey: Guid(93485fd5fc2ccf2439cb3239186f6382) Importer(2089858483,3d70f49cd1c2eb9ae422958d1c652c6b)
Start importing Assets/Imports/JMO Assets/WarFX/_Effects/Explosions/WFX_ExplosiveSmokeGround.prefab using Guid(93485fd5fc2ccf2439cb3239186f6382) Importer(2089858483,3d70f49cd1c2eb9ae422958d1c652c6b) (ScriptedImporter) -> (artifact id: 'a4c2c2582ff1d63af2053b1b266246ed') in 0.0267118 seconds
Number of updated asset objects reloaded before import = 0Number of asset objects unloaded after import = 36

========================================================================
Received Import Request.
  Time since last request: 0.000024 seconds.
  path: Assets/Imports/JMO Assets/WarFX/Scripts/WFX_BulletHoleDecal.cs
  artifactKey: Guid(395f3a2ded34a634fbd77ee83f9939a7) Importer(2089858483,192608db42251d675da83286b1cce702)
Start importing Assets/Imports/JMO Assets/WarFX/Scripts/WFX_BulletHoleDecal.cs using Guid(395f3a2ded34a634fbd77ee83f9939a7) Importer(2089858483,192608db42251d675da83286b1cce702) (ScriptedImporter) -> (artifact id: '60bfa2b73bbf11f4f7638bb94582162c') in 0.0210829 seconds
Number of updated asset objects reloaded before import = 0Number of asset objects unloaded after import = 0

========================================================================
Received Import Request.
  Time since last request: 0.000029 seconds.
  path: Assets/Imports/JMO Assets/WarFX/_Effects (Mobile)/Fire/Gray Smoke/WFXMR_GazFire (Gray Smoke).prefab
  artifactKey: Guid(4c5ef88d48ac4ee43b30dbc6343f6d2e) Importer(2089858483,3d70f49cd1c2eb9ae422958d1c652c6b)
Start importing Assets/Imports/JMO Assets/WarFX/_Effects (Mobile)/Fire/Gray Smoke/WFXMR_GazFire (Gray Smoke).prefab using Guid(4c5ef88d48ac4ee43b30dbc6343f6d2e) Importer(2089858483,3d70f49cd1c2eb9ae422958d1c652c6b) (ScriptedImporter) -> (artifact id: '36a32080b706e584e8fe2b45e60f01fa') in 0.0228101 seconds
Number of updated asset objects reloaded before import = 0Number of asset objects unloaded after import = 18

========================================================================
Received Import Request.
  Time since last request: 0.000020 seconds.
  path: Assets/Imports/JMO Assets/WarFX/_Effects (Mobile)/Fire/WFXMR_FlameThrower Big Alt Looped.prefab
  artifactKey: Guid(4a7daf0e176b21a4b945be7a6e3ba2cb) Importer(2089858483,192608db42251d675da83286b1cce702)
Start importing Assets/Imports/JMO Assets/WarFX/_Effects (Mobile)/Fire/WFXMR_FlameThrower Big Alt Looped.prefab using Guid(4a7daf0e176b21a4b945be7a6e3ba2cb) Importer(2089858483,192608db42251d675da83286b1cce702) (ScriptedImporter) -> (artifact id: '3692fd54805271b30d375abeaeb1226d') in 0.0735317 seconds
Number of updated asset objects reloaded before import = 0Number of asset objects unloaded after import = 16

========================================================================
Received Import Request.
  Time since last request: 0.000018 seconds.
  path: Assets/Imports/JMO Assets/WarFX/Mobile/Textures/Flames/WFXM_T_DoubleFlames A8.tga
  artifactKey: Guid(65859a535a819c54f91331fb9847bce4) Importer(2089858483,192608db42251d675da83286b1cce702)
Start importing Assets/Imports/JMO Assets/WarFX/Mobile/Textures/Flames/WFXM_T_DoubleFlames A8.tga using Guid(65859a535a819c54f91331fb9847bce4) Importer(2089858483,192608db42251d675da83286b1cce702) (ScriptedImporter) -> (artifact id: '96c6519bc69b95a540937b13d2b61bc9') in 0.0271062 seconds
Number of updated asset objects reloaded before import = 0Number of asset objects unloaded after import = 1

========================================================================
Received Import Request.
  Time since last request: 0.000028 seconds.
  path: Assets/Imports/JMO Assets/WarFX/Mobile/Textures/Flames/WFXM_T_FlameThrower Stream.tga
  artifactKey: Guid(2d79bd5c0ba916f4eaef7a2026471516) Importer(2089858483,192608db42251d675da83286b1cce702)
Start importing Assets/Imports/JMO Assets/WarFX/Mobile/Textures/Flames/WFXM_T_FlameThrower Stream.tga using Guid(2d79bd5c0ba916f4eaef7a2026471516) Importer(2089858483,192608db42251d675da83286b1cce702) (ScriptedImporter) -> (artifact id: '7e3e3f145786593251d99a8ed840861a') in 0.0284492 seconds
Number of updated asset objects reloaded before import = 0Number of asset objects unloaded after import = 1

========================================================================
Received Import Request.
  Time since last request: 0.000027 seconds.
  path: Assets/Imports/JMO Assets/WarFX/Mobile/Materials/Misc/WFXM_M_SmallDots Add.mat
  artifactKey: Guid(0a743b143d5c8cb49af595203f3a47ec) Importer(2089858483,192608db42251d675da83286b1cce702)
Start importing Assets/Imports/JMO Assets/WarFX/Mobile/Materials/Misc/WFXM_M_SmallDots Add.mat using Guid(0a743b143d5c8cb49af595203f3a47ec) Importer(2089858483,192608db42251d675da83286b1cce702) (ScriptedImporter) -> (artifact id: '08baaf6caef779a7bee8097e442746b1') in 0.0384531 seconds
Number of updated asset objects reloaded before import = 0Number of asset objects unloaded after import = 2

========================================================================
Received Import Request.
  Time since last request: 0.000018 seconds.
  path: Assets/Imports/JMO Assets/WarFX/Desktop/Textures/Misc/WFX_T_GlowCircle A8.png
  artifactKey: Guid(ddd99084bf4dcd54e8a575ee0959c08e) Importer(2089858483,192608db42251d675da83286b1cce702)
Start importing Assets/Imports/JMO Assets/WarFX/Desktop/Textures/Misc/WFX_T_GlowCircle A8.png using Guid(ddd99084bf4dcd54e8a575ee0959c08e) Importer(2089858483,192608db42251d675da83286b1cce702) (ScriptedImporter) -> (artifact id: '4157156c783dc1ac2f650eba17b5e4e3') in 0.0312864 seconds
Number of updated asset objects reloaded before import = 0Number of asset objects unloaded after import = 1

========================================================================
Received Import Request.
  Time since last request: 0.000020 seconds.
  path: Assets/Imports/JMO Assets/WarFX/Demo/UI Canvas/CFX Demo Btn Ground H.png
  artifactKey: Guid(5cc9c4a6db9a74a40aaed761fc99294c) Importer(2089858483,192608db42251d675da83286b1cce702)
Start importing Assets/Imports/JMO Assets/WarFX/Demo/UI Canvas/CFX Demo Btn Ground H.png using Guid(5cc9c4a6db9a74a40aaed761fc99294c) Importer(2089858483,192608db42251d675da83286b1cce702) (ScriptedImporter) -> (artifact id: 'd693259cce7f9bd6378ff5d5f4d79313') in 0.035617 seconds
Number of updated asset objects reloaded before import = 0Number of asset objects unloaded after import = 3

========================================================================
Received Import Request.
  Time since last request: 0.000036 seconds.
  path: Assets/Imports/JMO Assets/WarFX/_Effects/Fire/Gray Smoke/WFX_Fire Natural Circle (Gray Smoke).prefab
  artifactKey: Guid(dc0674a8a869b5043ab6f4155bdd5b02) Importer(2089858483,192608db42251d675da83286b1cce702)
Start importing Assets/Imports/JMO Assets/WarFX/_Effects/Fire/Gray Smoke/WFX_Fire Natural Circle (Gray Smoke).prefab using Guid(dc0674a8a869b5043ab6f4155bdd5b02) Importer(2089858483,192608db42251d675da83286b1cce702) (ScriptedImporter) -> (artifact id: '367ff7fbae1a9c69c0fb199aea102940') in 0.0580185 seconds
Number of updated asset objects reloaded before import = 0Number of asset objects unloaded after import = 16

========================================================================
Received Import Request.
  Time since last request: 0.000018 seconds.
  path: Assets/Imports/JMO Assets/WarFX/_Effects/Fire/Black Smoke/WFX_GazFire (Black Smoke).prefab
  artifactKey: Guid(a83e0ffec52c58a47a7af8081a1dab6d) Importer(2089858483,192608db42251d675da83286b1cce702)
Start importing Assets/Imports/JMO Assets/WarFX/_Effects/Fire/Black Smoke/WFX_GazFire (Black Smoke).prefab using Guid(a83e0ffec52c58a47a7af8081a1dab6d) Importer(2089858483,192608db42251d675da83286b1cce702) (ScriptedImporter) -> (artifact id: 'e203a2af01615f61f6ed0bce4ad1ca35') in 0.0563654 seconds
Number of updated asset objects reloaded before import = 0Number of asset objects unloaded after import = 16

========================================================================
Received Import Request.
  Time since last request: 0.000020 seconds.
  path: Assets/Imports/JMO Assets/WarFX/_Effects/Bullet Impacts/+ Bullet Hole/WFX_BImpact Sand + Hole.prefab
  artifactKey: Guid(0b24f31f464fa614a84acdeac974ed6b) Importer(2089858483,192608db42251d675da83286b1cce702)
Start importing Assets/Imports/JMO Assets/WarFX/_Effects/Bullet Impacts/+ Bullet Hole/WFX_BImpact Sand + Hole.prefab using Guid(0b24f31f464fa614a84acdeac974ed6b) Importer(2089858483,192608db42251d675da83286b1cce702) (ScriptedImporter) -> (artifact id: '4bf8f8eca6ac19856499bd18094902f8') in 0.0544051 seconds
Number of updated asset objects reloaded before import = 0Number of asset objects unloaded after import = 22

========================================================================
Received Import Request.
  Time since last request: 0.000026 seconds.
  path: Assets/Imports/JMO Assets/WarFX/_Effects (Mobile)/Fire/Gray Smoke/WFXMR_Fire Natural Circle (Gray Smoke).prefab
  artifactKey: Guid(c48f33b59c53b3b40bafa4a218e28aaf) Importer(2089858483,192608db42251d675da83286b1cce702)
Start importing Assets/Imports/JMO Assets/WarFX/_Effects (Mobile)/Fire/Gray Smoke/WFXMR_Fire Natural Circle (Gray Smoke).prefab using Guid(c48f33b59c53b3b40bafa4a218e28aaf) Importer(2089858483,192608db42251d675da83286b1cce702) (ScriptedImporter) -> (artifact id: '1cd8e3168e098882e03f93c35ed7c18d') in 0.0744475 seconds
Number of updated asset objects reloaded before import = 0Number of asset objects unloaded after import = 16

========================================================================
Received Import Request.
  Time since last request: 0.000021 seconds.
  path: Assets/Imports/JMO Assets/WarFX/_Effects (Mobile)/Fire/Black Smoke/WFXMR_Fire Natural Broad (Black Smoke).prefab
  artifactKey: Guid(fb98c59db5f557e42917111512376ab7) Importer(2089858483,192608db42251d675da83286b1cce702)
Start importing Assets/Imports/JMO Assets/WarFX/_Effects (Mobile)/Fire/Black Smoke/WFXMR_Fire Natural Broad (Black Smoke).prefab using Guid(fb98c59db5f557e42917111512376ab7) Importer(2089858483,192608db42251d675da83286b1cce702) (ScriptedImporter) -> (artifact id: 'fd5c12bcaec3c38b1825a12b92a81747') in 0.067033 seconds
Number of updated asset objects reloaded before import = 0Number of asset objects unloaded after import = 16

========================================================================
Received Import Request.
  Time since last request: 0.000020 seconds.
  path: Assets/Imports/JMO Assets/WarFX/_Effects (Mobile)/Fire/No Smoke/WFXMR_GazFireBig (No Smoke).prefab
  artifactKey: Guid(f5f4774c5dade3f42aa77b7966ea95c8) Importer(2089858483,192608db42251d675da83286b1cce702)
Start importing Assets/Imports/JMO Assets/WarFX/_Effects (Mobile)/Fire/No Smoke/WFXMR_GazFireBig (No Smoke).prefab using Guid(f5f4774c5dade3f42aa77b7966ea95c8) Importer(2089858483,192608db42251d675da83286b1cce702) (ScriptedImporter) -> (artifact id: '14dea42330597c78d3c92111342e3a24') in 0.0607793 seconds
Number of updated asset objects reloaded before import = 0Number of asset objects unloaded after import = 12

========================================================================
Received Import Request.
  Time since last request: 0.000024 seconds.
  path: Assets/Imports/JMO Assets/WarFX/_Effects/Bullet Impacts/+ Bullet Hole/Lit/WFX_BImpact Wood NoCollision + Hole Lit.prefab
  artifactKey: Guid(bdeb2a4220cd3cd4eacabbd5ed08f62c) Importer(2089858483,192608db42251d675da83286b1cce702)
Start importing Assets/Imports/JMO Assets/WarFX/_Effects/Bullet Impacts/+ Bullet Hole/Lit/WFX_BImpact Wood NoCollision + Hole Lit.prefab using Guid(bdeb2a4220cd3cd4eacabbd5ed08f62c) Importer(2089858483,192608db42251d675da83286b1cce702) (ScriptedImporter) -> (artifact id: '1a7fa1d3e5c0d9729e96122e447dcb97') in 0.0573988 seconds
Number of updated asset objects reloaded before import = 0Number of asset objects unloaded after import = 22

========================================================================
Received Import Request.
  Time since last request: 0.000022 seconds.
  path: Assets/Imports/JMO Assets/WarFX/_Effects (Mobile)/Bullet Impacts/+ Bullet Hole/Lit/WFXMR_BImpact Metal + Hole Lit.prefab
  artifactKey: Guid(3d2cab718e7acb04e8e3c2759bbab3ee) Importer(2089858483,192608db42251d675da83286b1cce702)
Start importing Assets/Imports/JMO Assets/WarFX/_Effects (Mobile)/Bullet Impacts/+ Bullet Hole/Lit/WFXMR_BImpact Metal + Hole Lit.prefab using Guid(3d2cab718e7acb04e8e3c2759bbab3ee) Importer(2089858483,192608db42251d675da83286b1cce702) (ScriptedImporter) -> (artifact id: 'f7b3f59465e7ee71dfe6b5dd47d52e90') in 0.0599143 seconds
Number of updated asset objects reloaded before import = 0Number of asset objects unloaded after import = 18

========================================================================
Received Import Request.
  Time since last request: 0.000024 seconds.
  path: Assets/Imports/JMO Assets/WarFX/Mobile/Materials/Impacts/WFXM_M_Impact Debris.mat
  artifactKey: Guid(bf3dd7130b0aa7a4e93821e6e0a15b6d) Importer(2089858483,192608db42251d675da83286b1cce702)
Start importing Assets/Imports/JMO Assets/WarFX/Mobile/Materials/Impacts/WFXM_M_Impact Debris.mat using Guid(bf3dd7130b0aa7a4e93821e6e0a15b6d) Importer(2089858483,192608db42251d675da83286b1cce702) (ScriptedImporter) -> (artifact id: '23c0d1db58c8886b33720bbdf8e03d9b') in 0.0491659 seconds
Number of updated asset objects reloaded before import = 0Number of asset objects unloaded after import = 2

========================================================================
Received Import Request.
  Time since last request: 0.000031 seconds.
  path: Assets/Imports/JMO Assets/WarFX/Mobile/Materials/MuzzleFlashes/WFXM_M_MF Side RIFLE1.mat
  artifactKey: Guid(5670cff32df718c4e8424e5e4fb3cf46) Importer(2089858483,192608db42251d675da83286b1cce702)
Start importing Assets/Imports/JMO Assets/WarFX/Mobile/Materials/MuzzleFlashes/WFXM_M_MF Side RIFLE1.mat using Guid(5670cff32df718c4e8424e5e4fb3cf46) Importer(2089858483,192608db42251d675da83286b1cce702) (ScriptedImporter) -> (artifact id: 'ab646a98690d2bdbbf50c30b0b75c236') in 0.0271481 seconds
Number of updated asset objects reloaded before import = 0Number of asset objects unloaded after import = 2

========================================================================
Received Import Request.
  Time since last request: 0.000018 seconds.
  path: Assets/Imports/JMO Assets/WarFX/_Effects/Fire/WFX_FlameThrower Looped.prefab
  artifactKey: Guid(21f6aea0c9b788c4b9b6275efc33d0f9) Importer(2089858483,3d70f49cd1c2eb9ae422958d1c652c6b)
Start importing Assets/Imports/JMO Assets/WarFX/_Effects/Fire/WFX_FlameThrower Looped.prefab using Guid(21f6aea0c9b788c4b9b6275efc33d0f9) Importer(2089858483,3d70f49cd1c2eb9ae422958d1c652c6b) (ScriptedImporter) -> (artifact id: '9c26d4f9c5e76522393fe9813994e58f') in 0.0204998 seconds
Number of updated asset objects reloaded before import = 0Number of asset objects unloaded after import = 13

Editor requested this worker to shutdown with reason: balancing worker count downwards
AssetImportWorker is now disconnected from the server
Process exiting
Exiting without the bug reporter. Application will terminate with return code 0