[Licensing::Module] Trying to connect to existing licensing client channel...
Built from '6000.2/respin/6000.2.7f1-2eb0c79396db' branch; Version is '6000.2.7f2 (2b518236b676) revision 2838914'; Using compiler version '194234433'; Build Type 'Release'
[Licensing::IpcConnector] Successfully connected to: "LicenseClient-b15-06t2" at "2026-02-05T18:44:48.7429872Z"
OS: 'Windows 10  (10.0.19045) 64bit ProfessionalEducation' Language: 'es' Physical Memory: 32635 MB
BatchMode: 1, IsHumanControllingUs: 0, StartBugReporterOnCrash: 0, Is64bit: 1
Date: 2026-02-05T18:44:48Z

COMMAND LINE ARGUMENTS:
C:\Program Files\Unity\Hub\Editor\6000.2.7f2\Editor\Unity.exe
-adb2
-batchMode
-noUpm
-name
AssetImportWorker10
-projectPath
C:/UnityGithub/Granada
-logFile
Logs/AssetImportWorker10.log
-srvPort
49508
-licensingIpc
LicenseClient-b15-06t2
-job-worker-count
7
-background-job-worker-count
8
-gc-helper-count
1
-name
AssetImport
Successfully changed project path to: C:/UnityGithub/Granada
C:/UnityGithub/Granada
[UnityMemory] Configuration Parameters - Can be set up in boot.config
    "memorysetup-allocator-temp-initial-block-size-main=262144"
    "memorysetup-allocator-temp-initial-block-size-worker=262144"
    "memorysetup-bucket-allocator-granularity=16"
    "memorysetup-bucket-allocator-bucket-count=8"
    "memorysetup-bucket-allocator-block-size=33554432"
    "memorysetup-bucket-allocator-block-count=8"
    "memorysetup-main-allocator-block-size=16777216"
    "memorysetup-thread-allocator-block-size=16777216"
    "memorysetup-gfx-main-allocator-block-size=16777216"
    "memorysetup-gfx-thread-allocator-block-size=16777216"
    "memorysetup-cache-allocator-block-size=4194304"
    "memorysetup-typetree-allocator-block-size=2097152"
    "memorysetup-profiler-bucket-allocator-granularity=16"
    "memorysetup-profiler-bucket-allocator-bucket-count=8"
    "memorysetup-profiler-bucket-allocator-block-size=33554432"
    "memorysetup-profiler-bucket-allocator-block-count=8"
    "memorysetup-profiler-allocator-block-size=16777216"
    "memorysetup-profiler-editor-allocator-block-size=1048576"
    "memorysetup-temp-allocator-size-main=16777216"
    "memorysetup-job-temp-allocator-block-size=2097152"
    "memorysetup-job-temp-allocator-block-size-background=1048576"
    "memorysetup-job-temp-allocator-reduction-small-platforms=262144"
    "memorysetup-temp-allocator-size-background-worker=32768"
    "memorysetup-temp-allocator-size-job-worker=262144"
    "memorysetup-temp-allocator-size-preload-manager=33554432"
    "memorysetup-temp-allocator-size-nav-mesh-worker=65536"
    "memorysetup-temp-allocator-size-audio-worker=65536"
    "memorysetup-temp-allocator-size-cloud-worker=32768"
    "memorysetup-temp-allocator-size-gi-baking-worker=262144"
    "memorysetup-temp-allocator-size-gi-baking-worker=262144"
    "memorysetup-temp-allocator-size-gi-baking-worker=262144"
    "memorysetup-temp-allocator-size-gi-baking-worker=262144"
    "memorysetup-temp-allocator-size-gi-baking-worker=262144"
    "memorysetup-temp-allocator-size-gfx=262144"
Player connection [18956]  Target information:

Player connection [18956]  * "[IP] 10.15.0.6 [Port] 0 [Flags] 2 [Guid] 3107567973 [EditorId] 3107567973 [Version] 1048832 [Id] WindowsEditor(7,AULAB15-06) [Debug] 1 [PackageName] WindowsEditor [ProjectName] Editor" 

Player connection [18956]  * "[IP] 192.168.56.1 [Port] 0 [Flags] 2 [Guid] 3107567973 [EditorId] 3107567973 [Version] 1048832 [Id] WindowsEditor(7,AULAB15-06) [Debug] 1 [PackageName] WindowsEditor [ProjectName] Editor" 

Player connection [18956]  * "[IP] 172.30.176.1 [Port] 0 [Flags] 2 [Guid] 3107567973 [EditorId] 3107567973 [Version] 1048832 [Id] WindowsEditor(7,AULAB15-06) [Debug] 1 [PackageName] WindowsEditor [ProjectName] Editor" 

Player connection [18956] Host joined multi-casting on [225.0.0.222:54997]...
Player connection [18956] Host joined alternative multi-casting on [225.0.0.222:34997]...
JobSystem: Creating JobQueue using job-worker-count value 7
Input System module state changed to: Initialized.
[Physics::Module] Initialized fallback backend.
[Physics::Module] Id: 0xdecafbad
[Licensing::Client] Code 10 while verifying Licensing Client signature (process Id: 8368, path: "C:/Program Files/Unity Hub/UnityLicensingClient_V1/Unity.Licensing.Client.exe")
[Licensing::Module] LicensingClient has failed validation; ignoring
[Licensing::Client] Handshaking with LicensingClient:
  Version:                 1.17.3+a4e98f1
  Session Id:              e6b7d0bbd7694703a8795fab80220e6f
  Correlation Id:          9595d931ce30acdf9c86d53fab512b4e
  External correlation Id: 5281640260250970792
  Machine Id:              rk4/wnZTdctTDab783WbcWnflrA=
[Licensing::Module] Successfully connected to LicensingClient on channel: "LicenseClient-b15-06t2" (connect: 0.00s, validation: 0.00s, handshake: 0.02s)
[Licensing::IpcConnector] Successfully connected to: "LicenseClient-b15-06t2-notifications" at "2026-02-05T18:44:48.7690388Z"
[Licensing::Module] Licensing Background thread has ended after 0.03s
Library Redirect Path: Library/
[Physics::Module] Selected backend.
[Physics::Module] Name: PhysX
[Physics::Module] Id: 0xf2b8ea05
[Physics::Module] SDK Version: 4.1.2
[Physics::Module] Integration Version: 1.0.0
[Physics::Module] Threading Mode: Multi-Threaded
Refreshing native plugins compatible for Editor in 1.93 ms, found 3 plugins.
Preloading 0 native plugins for Editor in 0.00 ms.
Initialize engine version: 6000.2.7f2 (2b518236b676)
[Subsystems] Discovering subsystems at path C:/Program Files/Unity/Hub/Editor/6000.2.7f2/Editor/Data/Resources/UnitySubsystems
[Subsystems] Discovering subsystems at path C:/UnityGithub/Granada/Assets
GfxDevice: creating device client; kGfxThreadingModeNonThreaded
Direct3D:
    Version:  Direct3D 11.0 [level 11.1]
    Renderer: NVIDIA GeForce GTX 1650 (ID=0x2188)
    Vendor:   NVIDIA
    VRAM:     3935 MB
    Driver:   32.0.15.6094
Shader 'WFX/Transparent Diffuse': fallback shader 'Particles/Alpha Blended' not found
Shader 'WFX/Transparent Specular': fallback shader 'Particles/Alpha Blended' not found
Initialize mono
Mono path[0] = 'C:/Program Files/Unity/Hub/Editor/6000.2.7f2/Editor/Data/Managed'
Mono path[1] = 'C:/Program Files/Unity/Hub/Editor/6000.2.7f2/Editor/Data/MonoBleedingEdge/lib/mono/unityjit-win32'
Mono config path = 'C:/Program Files/Unity/Hub/Editor/6000.2.7f2/Editor/Data/MonoBleedingEdge/etc'
Using monoOptions --debugger-agent=transport=dt_socket,embedding=1,server=y,suspend=n,address=127.0.0.1:56588
Begin MonoManager ReloadAssembly
Registering precompiled unity dll's ...
Register platform support module: C:/Program Files/Unity/Hub/Editor/6000.2.7f2/Editor/Data/PlaybackEngines/WindowsStandaloneSupport/UnityEditor.WindowsStandalone.Extensions.dll
[Licensing::Client] Successfully resolved entitlement details
[Licensing::Module] License group:
  Id: 1375750539729-UnityPersXXXX
  Product: Unity Personal
  Type: Assigned
  Expiration: Unlimited
Register platform support module: C:/Program Files/Unity/Hub/Editor/6000.2.7f2/Editor/Data/PlaybackEngines/AndroidPlayer/UnityEditor.Android.Extensions.dll
Registered in 0.004061 seconds.
- Loaded All Assemblies, in  0.381 seconds
Native extension for Android target not found
Android Extension - Scanning For ADB Devices 210 ms
Native extension for WindowsStandalone target not found
Mono: successfully reloaded assembly
- Finished resetting the current domain, in  0.589 seconds
Domain Reload Profiling: 969ms
	BeginReloadAssembly (123ms)
		ExecutionOrderSort (0ms)
		DisableScriptedObjects (0ms)
		BackupInstance (0ms)
		ReleaseScriptingObjects (0ms)
		CreateAndSetChildDomain (1ms)
	RebuildCommonClasses (39ms)
	RebuildNativeTypeToScriptingClass (15ms)
	initialDomainReloadingComplete (50ms)
	LoadAllAssembliesAndSetupDomain (152ms)
		LoadAssemblies (121ms)
		RebuildTransferFunctionScriptingTraits (0ms)
		AnalyzeDomain (149ms)
			TypeCache.Refresh (147ms)
				TypeCache.ScanAssembly (135ms)
			BuildScriptInfoCaches (0ms)
			ResolveRequiredComponents (1ms)
	FinalizeReload (590ms)
		ReleaseScriptCaches (0ms)
		RebuildScriptCaches (0ms)
		SetupLoadedEditorAssemblies (541ms)
			LogAssemblyErrors (0ms)
			InitializePlatformSupportModulesInManaged (319ms)
			SetLoadedEditorAssemblies (3ms)
			BeforeProcessingInitializeOnLoad (60ms)
			ProcessInitializeOnLoadAttributes (106ms)
			ProcessInitializeOnLoadMethodAttributes (53ms)
			AfterProcessingInitializeOnLoad (0ms)
			EditorAssembliesLoaded (0ms)
		ExecutionOrderSort2 (0ms)
		AwakeInstancesAfterBackupRestoration (0ms)
========================================================================
Worker process is ready to serve import requests
Import Worker Mode flag is 0x00
Begin MonoManager ReloadAssembly
[Licensing::Client] Successfully resolved entitlement details
- Loaded All Assemblies, in  0.744 seconds
Refreshing native plugins compatible for Editor in 0.95 ms, found 3 plugins.
Native extension for Android target not found
Native extension for WindowsStandalone target not found
Package Manager log level set to [2]
[Package Manager] Failed to launch server process. Reason: Unity was launched with the -noUpm command-line argument
[Package Manager] Unable to send message (not connected to server process).
[Package Manager] Cannot connect to Unity Package Manager local server
Mono: successfully reloaded assembly
- Finished resetting the current domain, in  0.694 seconds
Domain Reload Profiling: 1432ms
	BeginReloadAssembly (172ms)
		ExecutionOrderSort (0ms)
		DisableScriptedObjects (6ms)
		BackupInstance (0ms)
		ReleaseScriptingObjects (0ms)
		CreateAndSetChildDomain (33ms)
	RebuildCommonClasses (40ms)
	RebuildNativeTypeToScriptingClass (13ms)
	initialDomainReloadingComplete (40ms)
	LoadAllAssembliesAndSetupDomain (473ms)
		LoadAssemblies (329ms)
		RebuildTransferFunctionScriptingTraits (0ms)
		AnalyzeDomain (233ms)
			TypeCache.Refresh (175ms)
				TypeCache.ScanAssembly (160ms)
			BuildScriptInfoCaches (45ms)
			ResolveRequiredComponents (10ms)
	FinalizeReload (695ms)
		ReleaseScriptCaches (0ms)
		RebuildScriptCaches (0ms)
		SetupLoadedEditorAssemblies (488ms)
			LogAssemblyErrors (0ms)
			InitializePlatformSupportModulesInManaged (10ms)
			SetLoadedEditorAssemblies (3ms)
			BeforeProcessingInitializeOnLoad (109ms)
			ProcessInitializeOnLoadAttributes (315ms)
			ProcessInitializeOnLoadMethodAttributes (45ms)
			AfterProcessingInitializeOnLoad (5ms)
			EditorAssembliesLoaded (0ms)
		ExecutionOrderSort2 (0ms)
		AwakeInstancesAfterBackupRestoration (5ms)
Shader 'WFX/Transparent Diffuse': fallback shader 'Particles/Alpha Blended' not found
Shader 'WFX/Transparent Specular': fallback shader 'Particles/Alpha Blended' not found
Launched and connected shader compiler UnityShaderCompiler.exe after 0.01 seconds
Refreshing native plugins compatible for Editor in 0.90 ms, found 3 plugins.
Preloading 0 native plugins for Editor in 0.00 ms.
Unloading 14 Unused Serialized files (Serialized files now loaded: 0)
Unloading 6178 unused Assets / (5.4 MB). Loaded Objects now: 6899.
Memory consumption went from 135.8 MB to 130.4 MB.
Total: 8.201600 ms (FindLiveObjects: 0.537800 ms CreateObjectMapping: 1.118300 ms MarkObjects: 3.987300 ms  DeleteObjects: 2.557000 ms)

========================================================================
Received Import Request.
  Time since last request: 25392.883371 seconds.
  path: Assets/Imports/Violet Theme Ui/Colored Icons/Ticket.png
  artifactKey: Guid(06322fbdfb1208249aa890e8ea3d1453) Importer(2089858483,192608db42251d675da83286b1cce702)
Start importing Assets/Imports/Violet Theme Ui/Colored Icons/Ticket.png using Guid(06322fbdfb1208249aa890e8ea3d1453) Importer(2089858483,192608db42251d675da83286b1cce702) (ScriptedImporter) -> (artifact id: 'a42c4749411178382b5803596d616cbf') in 0.2128238 seconds
Number of updated asset objects reloaded before import = 0Number of asset objects unloaded after import = 3

========================================================================
Received Import Request.
  Time since last request: 0.000024 seconds.
  path: Assets/Imports/Violet Theme Ui/White Icons/White Monitor.png
  artifactKey: Guid(e160623cf5e16be45bf70ca4a5296f90) Importer(2089858483,192608db42251d675da83286b1cce702)
Start importing Assets/Imports/Violet Theme Ui/White Icons/White Monitor.png using Guid(e160623cf5e16be45bf70ca4a5296f90) Importer(2089858483,192608db42251d675da83286b1cce702) (ScriptedImporter) -> (artifact id: '0c7240157c4fd24a33f1b48e7339b6ae') in 0.0223397 seconds
Number of updated asset objects reloaded before import = 0Number of asset objects unloaded after import = 4

========================================================================
Received Import Request.
  Time since last request: 0.000025 seconds.
  path: Assets/Imports/Violet Theme Ui/Toggles/Toggle Fill Pink.png
  artifactKey: Guid(4135a87dd7182ca4ba28587e8cf76f35) Importer(2089858483,192608db42251d675da83286b1cce702)
Start importing Assets/Imports/Violet Theme Ui/Toggles/Toggle Fill Pink.png using Guid(4135a87dd7182ca4ba28587e8cf76f35) Importer(2089858483,192608db42251d675da83286b1cce702) (ScriptedImporter) -> (artifact id: 'fda7bd4434f27f3b9c73c6bd8e38bb1f') in 0.0228046 seconds
Number of updated asset objects reloaded before import = 0Number of asset objects unloaded after import = 3

========================================================================
Received Import Request.
  Time since last request: 0.000017 seconds.
  path: Assets/Imports/Violet Theme Ui/White Icons/White Telecom.png
  artifactKey: Guid(c033b51e4377ff4458b4a84db08c1d82) Importer(2089858483,192608db42251d675da83286b1cce702)
Start importing Assets/Imports/Violet Theme Ui/White Icons/White Telecom.png using Guid(c033b51e4377ff4458b4a84db08c1d82) Importer(2089858483,192608db42251d675da83286b1cce702) (ScriptedImporter) -> (artifact id: 'de65f1c887adf564ed8501c0729d6922') in 0.020011 seconds
Number of updated asset objects reloaded before import = 0Number of asset objects unloaded after import = 3

========================================================================
Received Import Request.
  Time since last request: 0.000015 seconds.
  path: Assets/Imports/Violet Theme Ui/Colored Icons/Dark Gem.png
  artifactKey: Guid(1dbf5dede7c691641bc771e42b2de99b) Importer(2089858483,192608db42251d675da83286b1cce702)
Start importing Assets/Imports/Violet Theme Ui/Colored Icons/Dark Gem.png using Guid(1dbf5dede7c691641bc771e42b2de99b) Importer(2089858483,192608db42251d675da83286b1cce702) (ScriptedImporter) -> (artifact id: '677660f5c60c373c852580d31a66301d') in 0.0195467 seconds
Number of updated asset objects reloaded before import = 0Number of asset objects unloaded after import = 3

========================================================================
Received Import Request.
  Time since last request: 0.000016 seconds.
  path: Assets/Imports/Violet Theme Ui/Colored Icons/Dice.png
  artifactKey: Guid(7f080337138fccf41983b1dfefed52f6) Importer(2089858483,192608db42251d675da83286b1cce702)
Start importing Assets/Imports/Violet Theme Ui/Colored Icons/Dice.png using Guid(7f080337138fccf41983b1dfefed52f6) Importer(2089858483,192608db42251d675da83286b1cce702) (ScriptedImporter) -> (artifact id: 'df6ce082b0ca3a2d72dba4f10af7b16c') in 0.0612726 seconds
Number of updated asset objects reloaded before import = 0Number of asset objects unloaded after import = 3

========================================================================
Received Import Request.
  Time since last request: 0.000018 seconds.
  path: Assets/Imports/Violet Theme Ui/White Icons/White Magnet 2.png
  artifactKey: Guid(a1748c5e08fb2bc42a4f8bfdffef0223) Importer(2089858483,192608db42251d675da83286b1cce702)
Start importing Assets/Imports/Violet Theme Ui/White Icons/White Magnet 2.png using Guid(a1748c5e08fb2bc42a4f8bfdffef0223) Importer(2089858483,192608db42251d675da83286b1cce702) (ScriptedImporter) -> (artifact id: '60da9ba4ea7a923e245c23051b4786f5') in 0.0282767 seconds
Number of updated asset objects reloaded before import = 0Number of asset objects unloaded after import = 5

========================================================================
Received Import Request.
  Time since last request: 0.000028 seconds.
  path: Assets/Imports/Violet Theme Ui/Prefab/Login.prefab
  artifactKey: Guid(8de9e4070f9532640a3f874b810ce4a3) Importer(2089858483,192608db42251d675da83286b1cce702)
Start importing Assets/Imports/Violet Theme Ui/Prefab/Login.prefab using Guid(8de9e4070f9532640a3f874b810ce4a3) Importer(2089858483,192608db42251d675da83286b1cce702) (ScriptedImporter) -> (artifact id: 'b713d5984b6f97c4351978f489420af4') in 0.0519043 seconds
Number of updated asset objects reloaded before import = 0Number of asset objects unloaded after import = 71

========================================================================
Received Import Request.
  Time since last request: 0.000015 seconds.
  path: Assets/Imports/Violet Theme Ui/White Icons/White FastFordward.png
  artifactKey: Guid(33b75b278d79d0c40941250c42d16e69) Importer(2089858483,192608db42251d675da83286b1cce702)
Start importing Assets/Imports/Violet Theme Ui/White Icons/White FastFordward.png using Guid(33b75b278d79d0c40941250c42d16e69) Importer(2089858483,192608db42251d675da83286b1cce702) (ScriptedImporter) -> (artifact id: '9c317c7f96ec11ad1ebf0efe89ad2ffb') in 0.0208086 seconds
Number of updated asset objects reloaded before import = 0Number of asset objects unloaded after import = 3

========================================================================
Received Import Request.
  Time since last request: 0.000018 seconds.
  path: Assets/Imports/Violet Theme Ui/Progress Bars/Progress Bar Blue.png
  artifactKey: Guid(6119f52e1327e7142ace21eddd69fe50) Importer(2089858483,192608db42251d675da83286b1cce702)
Start importing Assets/Imports/Violet Theme Ui/Progress Bars/Progress Bar Blue.png using Guid(6119f52e1327e7142ace21eddd69fe50) Importer(2089858483,192608db42251d675da83286b1cce702) (ScriptedImporter) -> (artifact id: '6e389ae9904cb5fddb50133f65851cb4') in 0.025259 seconds
Number of updated asset objects reloaded before import = 0Number of asset objects unloaded after import = 3

========================================================================
Received Import Request.
  Time since last request: 0.000020 seconds.
  path: Assets/Imports/Violet Theme Ui/Colored Icons/Gem 2 Blue.png
  artifactKey: Guid(e5b82729baeb4b542bc3b0dbde0a1791) Importer(2089858483,192608db42251d675da83286b1cce702)
Start importing Assets/Imports/Violet Theme Ui/Colored Icons/Gem 2 Blue.png using Guid(e5b82729baeb4b542bc3b0dbde0a1791) Importer(2089858483,192608db42251d675da83286b1cce702) (ScriptedImporter) -> (artifact id: 'a108375e9ff21b8f28bb473285786896') in 0.02157 seconds
Number of updated asset objects reloaded before import = 0Number of asset objects unloaded after import = 3

========================================================================
Received Import Request.
  Time since last request: 0.000024 seconds.
  path: Assets/Imports/Violet Theme Ui/Prefab/Slider/Slider Yellow.prefab
  artifactKey: Guid(267d0f0f1215e9b4585dbf0e33830747) Importer(2089858483,192608db42251d675da83286b1cce702)
Start importing Assets/Imports/Violet Theme Ui/Prefab/Slider/Slider Yellow.prefab using Guid(267d0f0f1215e9b4585dbf0e33830747) Importer(2089858483,192608db42251d675da83286b1cce702) (ScriptedImporter) -> (artifact id: '2e506341306ddd896bb9d6c88b3441a7') in 0.0536644 seconds
Number of updated asset objects reloaded before import = 0Number of asset objects unloaded after import = 24

========================================================================
Received Import Request.
  Time since last request: 0.000013 seconds.
  path: Assets/Imports/Violet Theme Ui/White Icons/White Sleep.png
  artifactKey: Guid(21971abefc33c5640808902ba497b6d7) Importer(2089858483,192608db42251d675da83286b1cce702)
Start importing Assets/Imports/Violet Theme Ui/White Icons/White Sleep.png using Guid(21971abefc33c5640808902ba497b6d7) Importer(2089858483,192608db42251d675da83286b1cce702) (ScriptedImporter) -> (artifact id: 'fb80765663434789e34d42df5c11aa65') in 0.0223468 seconds
Number of updated asset objects reloaded before import = 0Number of asset objects unloaded after import = 5

========================================================================
Received Import Request.
  Time since last request: 0.000012 seconds.
  path: Assets/Imports/Violet Theme Ui/White Icons/White Skull.png
  artifactKey: Guid(1e3fbf9e8296ba34eb45641745fbc114) Importer(2089858483,192608db42251d675da83286b1cce702)
Start importing Assets/Imports/Violet Theme Ui/White Icons/White Skull.png using Guid(1e3fbf9e8296ba34eb45641745fbc114) Importer(2089858483,192608db42251d675da83286b1cce702) (ScriptedImporter) -> (artifact id: 'f164f4646a25d0be517bcbbabc16f4af') in 0.0208717 seconds
Number of updated asset objects reloaded before import = 0Number of asset objects unloaded after import = 3

========================================================================
Received Import Request.
  Time since last request: 0.000011 seconds.
  path: Assets/Imports/Violet Theme Ui/Panels/Dark Panel Purple.png
  artifactKey: Guid(f013fbdef39944b438a519b1307f1ba6) Importer(2089858483,192608db42251d675da83286b1cce702)
Start importing Assets/Imports/Violet Theme Ui/Panels/Dark Panel Purple.png using Guid(f013fbdef39944b438a519b1307f1ba6) Importer(2089858483,192608db42251d675da83286b1cce702) (ScriptedImporter) -> (artifact id: 'a3221482ea28dcd70d15824bda3cbaf2') in 0.0229623 seconds
Number of updated asset objects reloaded before import = 0Number of asset objects unloaded after import = 3

========================================================================
Received Import Request.
  Time since last request: 0.000020 seconds.
  path: Assets/Imports/Violet Theme Ui/White Icons/White Axe.png
  artifactKey: Guid(1211324f0927fc540afd33686434a913) Importer(2089858483,192608db42251d675da83286b1cce702)
Start importing Assets/Imports/Violet Theme Ui/White Icons/White Axe.png using Guid(1211324f0927fc540afd33686434a913) Importer(2089858483,192608db42251d675da83286b1cce702) (ScriptedImporter) -> (artifact id: '0438cd2ed6b1807a54762440f727e9d9') in 0.0243925 seconds
Number of updated asset objects reloaded before import = 0Number of asset objects unloaded after import = 6

========================================================================
Received Import Request.
  Time since last request: 0.000024 seconds.
  path: Assets/Imports/Violet Theme Ui/Sliders/Handle Orange.png
  artifactKey: Guid(d8a3082eb4aa84c41babf3558d2a77e8) Importer(2089858483,192608db42251d675da83286b1cce702)
Start importing Assets/Imports/Violet Theme Ui/Sliders/Handle Orange.png using Guid(d8a3082eb4aa84c41babf3558d2a77e8) Importer(2089858483,192608db42251d675da83286b1cce702) (ScriptedImporter) -> (artifact id: 'f994a679cac18152e11c7862088fdf65') in 0.0191606 seconds
Number of updated asset objects reloaded before import = 0Number of asset objects unloaded after import = 3

========================================================================
Received Import Request.
  Time since last request: 0.000016 seconds.
  path: Assets/Imports/Violet Theme Ui/Buttons/Misc/Small Square Button Green.png
  artifactKey: Guid(be120bf969ae2c84fa997ecca6dd28e6) Importer(2089858483,192608db42251d675da83286b1cce702)
Start importing Assets/Imports/Violet Theme Ui/Buttons/Misc/Small Square Button Green.png using Guid(be120bf969ae2c84fa997ecca6dd28e6) Importer(2089858483,192608db42251d675da83286b1cce702) (ScriptedImporter) -> (artifact id: '445aabf3630602355e3f0bf533355d0e') in 0.0211121 seconds
Number of updated asset objects reloaded before import = 0Number of asset objects unloaded after import = 3

========================================================================
Received Import Request.
  Time since last request: 0.000015 seconds.
  path: Assets/Imports/Violet Theme Ui/White Icons/White Move Down.png
  artifactKey: Guid(799826695b4a66944af28bcf6d795c0d) Importer(2089858483,192608db42251d675da83286b1cce702)
Start importing Assets/Imports/Violet Theme Ui/White Icons/White Move Down.png using Guid(799826695b4a66944af28bcf6d795c0d) Importer(2089858483,192608db42251d675da83286b1cce702) (ScriptedImporter) -> (artifact id: '9de88fd635350a5fd086835db06187bf') in 0.0184119 seconds
Number of updated asset objects reloaded before import = 0Number of asset objects unloaded after import = 3

========================================================================
Received Import Request.
  Time since last request: 0.000019 seconds.
  path: Assets/Imports/Violet Theme Ui/White Icons/White Location 2.png
  artifactKey: Guid(48e117ffe7916774288db6e2735ada9d) Importer(2089858483,192608db42251d675da83286b1cce702)
Start importing Assets/Imports/Violet Theme Ui/White Icons/White Location 2.png using Guid(48e117ffe7916774288db6e2735ada9d) Importer(2089858483,192608db42251d675da83286b1cce702) (ScriptedImporter) -> (artifact id: '9d2f2f3932f69acefe622fd2090489ec') in 0.0194834 seconds
Number of updated asset objects reloaded before import = 0Number of asset objects unloaded after import = 3

========================================================================
Received Import Request.
  Time since last request: 0.000017 seconds.
  path: Assets/Imports/Violet Theme Ui/White Icons/White Down.png
  artifactKey: Guid(4cf23baf6b458c0439b33974c7e61bd0) Importer(2089858483,192608db42251d675da83286b1cce702)
Start importing Assets/Imports/Violet Theme Ui/White Icons/White Down.png using Guid(4cf23baf6b458c0439b33974c7e61bd0) Importer(2089858483,192608db42251d675da83286b1cce702) (ScriptedImporter) -> (artifact id: '993e5112bbf8262f606c551806061e27') in 0.0220362 seconds
Number of updated asset objects reloaded before import = 0Number of asset objects unloaded after import = 3

========================================================================
Received Import Request.
  Time since last request: 0.000020 seconds.
  path: Assets/Imports/Violet Theme Ui/NEW Panels/Design 2 Ribbon 1 PINK.png
  artifactKey: Guid(d06c027fff932ac4d8e6e299f1bdff94) Importer(2089858483,192608db42251d675da83286b1cce702)
Start importing Assets/Imports/Violet Theme Ui/NEW Panels/Design 2 Ribbon 1 PINK.png using Guid(d06c027fff932ac4d8e6e299f1bdff94) Importer(2089858483,192608db42251d675da83286b1cce702) (ScriptedImporter) -> (artifact id: 'e81bb9b367b1ef06296639001a155739') in 0.0473583 seconds
Number of updated asset objects reloaded before import = 0Number of asset objects unloaded after import = 3

========================================================================
Received Import Request.
  Time since last request: 0.000012 seconds.
  path: Assets/Imports/Violet Theme Ui/White Icons/White Expand.png
  artifactKey: Guid(dcaf568f4227a954bb38a1f968381054) Importer(2089858483,192608db42251d675da83286b1cce702)
Start importing Assets/Imports/Violet Theme Ui/White Icons/White Expand.png using Guid(dcaf568f4227a954bb38a1f968381054) Importer(2089858483,192608db42251d675da83286b1cce702) (ScriptedImporter) -> (artifact id: '5d517b0468340c7a0f4f9fdca50b6b11') in 0.0219804 seconds
Number of updated asset objects reloaded before import = 0Number of asset objects unloaded after import = 6

========================================================================
Received Import Request.
  Time since last request: 0.000016 seconds.
  path: Assets/Imports/Violet Theme Ui/Panels/White Panel Violet.png
  artifactKey: Guid(70b674ed6c1298644aee2e129a94c4df) Importer(2089858483,192608db42251d675da83286b1cce702)
Start importing Assets/Imports/Violet Theme Ui/Panels/White Panel Violet.png using Guid(70b674ed6c1298644aee2e129a94c4df) Importer(2089858483,192608db42251d675da83286b1cce702) (ScriptedImporter) -> (artifact id: '6cbf124426f62c338b8b785a0fd275cc') in 0.0655975 seconds
Number of updated asset objects reloaded before import = 0Number of asset objects unloaded after import = 3

========================================================================
Received Import Request.
  Time since last request: 0.000012 seconds.
  path: Assets/Imports/Violet Theme Ui/White Icons/White Bishop.png
  artifactKey: Guid(4355aa8f6e41f3449bfb6c19933598e8) Importer(2089858483,192608db42251d675da83286b1cce702)
Start importing Assets/Imports/Violet Theme Ui/White Icons/White Bishop.png using Guid(4355aa8f6e41f3449bfb6c19933598e8) Importer(2089858483,192608db42251d675da83286b1cce702) (ScriptedImporter) -> (artifact id: 'babf1bd8ca10acdb0feeea58a7d3c371') in 0.0202823 seconds
Number of updated asset objects reloaded before import = 0Number of asset objects unloaded after import = 4

========================================================================
Received Import Request.
  Time since last request: 0.000023 seconds.
  path: Assets/Imports/Violet Theme Ui/White Icons/White Disc.png
  artifactKey: Guid(2c248267db061ba4ebd1526d75220aec) Importer(2089858483,192608db42251d675da83286b1cce702)
Start importing Assets/Imports/Violet Theme Ui/White Icons/White Disc.png using Guid(2c248267db061ba4ebd1526d75220aec) Importer(2089858483,192608db42251d675da83286b1cce702) (ScriptedImporter) -> (artifact id: '56e010f5bd6f6bebe390f1c7a818af63') in 0.0205125 seconds
Number of updated asset objects reloaded before import = 0Number of asset objects unloaded after import = 3

========================================================================
Received Import Request.
  Time since last request: 0.000015 seconds.
  path: Assets/Imports/Violet Theme Ui/Colored Icons/Sack Of Coin.png
  artifactKey: Guid(1c959de863dbbf441a16e5ff5d2502f2) Importer(2089858483,192608db42251d675da83286b1cce702)
Start importing Assets/Imports/Violet Theme Ui/Colored Icons/Sack Of Coin.png using Guid(1c959de863dbbf441a16e5ff5d2502f2) Importer(2089858483,192608db42251d675da83286b1cce702) (ScriptedImporter) -> (artifact id: '751e23b65b55f0e158f8201cc16e619e') in 0.0195479 seconds
Number of updated asset objects reloaded before import = 0Number of asset objects unloaded after import = 3

========================================================================
Received Import Request.
  Time since last request: 0.000022 seconds.
  path: Assets/Imports/Violet Theme Ui/Colored Icons/Trash.png
  artifactKey: Guid(ffc820495a6d911419c56d96b31d31fe) Importer(2089858483,192608db42251d675da83286b1cce702)
Start importing Assets/Imports/Violet Theme Ui/Colored Icons/Trash.png using Guid(ffc820495a6d911419c56d96b31d31fe) Importer(2089858483,192608db42251d675da83286b1cce702) (ScriptedImporter) -> (artifact id: 'c41879d07ef7bc6b07ad8603c87c0b7e') in 0.0249601 seconds
Number of updated asset objects reloaded before import = 0Number of asset objects unloaded after import = 3

========================================================================
Received Import Request.
  Time since last request: 0.000014 seconds.
  path: Assets/Imports/Violet Theme Ui/White Icons/White Pen 3.png
  artifactKey: Guid(1d01e07c768243c47856aba5511eee63) Importer(2089858483,192608db42251d675da83286b1cce702)
Start importing Assets/Imports/Violet Theme Ui/White Icons/White Pen 3.png using Guid(1d01e07c768243c47856aba5511eee63) Importer(2089858483,192608db42251d675da83286b1cce702) (ScriptedImporter) -> (artifact id: 'cfc3f14b887a3b376804810268b2d36a') in 0.0274304 seconds
Number of updated asset objects reloaded before import = 0Number of asset objects unloaded after import = 4

========================================================================
Received Import Request.
  Time since last request: 0.000027 seconds.
  path: Assets/Imports/Violet Theme Ui/White Icons/White Timer.png
  artifactKey: Guid(07cb3c5e393a88541b848f22a7ca18cb) Importer(2089858483,192608db42251d675da83286b1cce702)
Start importing Assets/Imports/Violet Theme Ui/White Icons/White Timer.png using Guid(07cb3c5e393a88541b848f22a7ca18cb) Importer(2089858483,192608db42251d675da83286b1cce702) (ScriptedImporter) -> (artifact id: '4b8861d9612eb87f599539a95ae6eb54') in 0.0271801 seconds
Number of updated asset objects reloaded before import = 0Number of asset objects unloaded after import = 6

========================================================================
Received Import Request.
  Time since last request: 0.000048 seconds.
  path: Assets/Imports/Violet Theme Ui/Panels/Dark Panel Green.png
  artifactKey: Guid(61dd4b4ded1fec74480695550f54d148) Importer(2089858483,192608db42251d675da83286b1cce702)
Start importing Assets/Imports/Violet Theme Ui/Panels/Dark Panel Green.png using Guid(61dd4b4ded1fec74480695550f54d148) Importer(2089858483,192608db42251d675da83286b1cce702) (ScriptedImporter) -> (artifact id: 'fae4524aff1a8c5053d9534f91fbb058') in 0.0267953 seconds
Number of updated asset objects reloaded before import = 0Number of asset objects unloaded after import = 3

========================================================================
Received Import Request.
  Time since last request: 0.000047 seconds.
  path: Assets/Imports/Violet Theme Ui/NEW Panels/Panel 1 YELLOW.png
  artifactKey: Guid(5670db3fcde148d43a3bb725c8f51ff1) Importer(2089858483,192608db42251d675da83286b1cce702)
Start importing Assets/Imports/Violet Theme Ui/NEW Panels/Panel 1 YELLOW.png using Guid(5670db3fcde148d43a3bb725c8f51ff1) Importer(2089858483,192608db42251d675da83286b1cce702) (ScriptedImporter) -> (artifact id: '2057d80b4a4657461245149c7cb096fb') in 0.0386177 seconds
Number of updated asset objects reloaded before import = 0Number of asset objects unloaded after import = 3

========================================================================
Received Import Request.
  Time since last request: 0.000015 seconds.
  path: Assets/Imports/Violet Theme Ui/Colored Icons/Gem 1 Green.png
  artifactKey: Guid(aa690ae72e998f54b8c8b099d2165bab) Importer(2089858483,192608db42251d675da83286b1cce702)
Start importing Assets/Imports/Violet Theme Ui/Colored Icons/Gem 1 Green.png using Guid(aa690ae72e998f54b8c8b099d2165bab) Importer(2089858483,192608db42251d675da83286b1cce702) (ScriptedImporter) -> (artifact id: '4171f8942c51cf38d7f141dba0927dec') in 0.074664 seconds
Number of updated asset objects reloaded before import = 0Number of asset objects unloaded after import = 3

========================================================================
Received Import Request.
  Time since last request: 0.000020 seconds.
  path: Assets/Imports/Violet Theme Ui/Prefab/Store.prefab
  artifactKey: Guid(ef94f707182732b4fb45389fc2da750f) Importer(2089858483,192608db42251d675da83286b1cce702)
Start importing Assets/Imports/Violet Theme Ui/Prefab/Store.prefab using Guid(ef94f707182732b4fb45389fc2da750f) Importer(2089858483,192608db42251d675da83286b1cce702) (ScriptedImporter) -> (artifact id: 'f5ea95bde51c55e91ba4c4398a53842f') in 0.0351914 seconds
Number of updated asset objects reloaded before import = 0Number of asset objects unloaded after import = 173

========================================================================
Received Import Request.
  Time since last request: 0.000034 seconds.
  path: Assets/Imports/Violet Theme Ui/White Icons/White Bag 1.png
  artifactKey: Guid(df9b56d87fb51104ebe9f524721a14c5) Importer(2089858483,192608db42251d675da83286b1cce702)
Start importing Assets/Imports/Violet Theme Ui/White Icons/White Bag 1.png using Guid(df9b56d87fb51104ebe9f524721a14c5) Importer(2089858483,192608db42251d675da83286b1cce702) (ScriptedImporter) -> (artifact id: '0f997c7e361593b18ea833931392ca74') in 0.0304853 seconds
Number of updated asset objects reloaded before import = 0Number of asset objects unloaded after import = 9

========================================================================
Received Import Request.
  Time since last request: 0.000019 seconds.
  path: Assets/Imports/Violet Theme Ui/White Icons/White Pause.png
  artifactKey: Guid(6170139bb959e8e408695ca6d14b4a4f) Importer(2089858483,192608db42251d675da83286b1cce702)
Start importing Assets/Imports/Violet Theme Ui/White Icons/White Pause.png using Guid(6170139bb959e8e408695ca6d14b4a4f) Importer(2089858483,192608db42251d675da83286b1cce702) (ScriptedImporter) -> (artifact id: 'f277f05223de92a8d8ce98050a760f34') in 0.0271651 seconds
Number of updated asset objects reloaded before import = 0Number of asset objects unloaded after import = 4

========================================================================
Received Import Request.
  Time since last request: 0.000024 seconds.
  path: Assets/Imports/Violet Theme Ui/White Icons/White Plug.png
  artifactKey: Guid(91e58547bbd294447bccbda4fe308456) Importer(2089858483,192608db42251d675da83286b1cce702)
Start importing Assets/Imports/Violet Theme Ui/White Icons/White Plug.png using Guid(91e58547bbd294447bccbda4fe308456) Importer(2089858483,192608db42251d675da83286b1cce702) (ScriptedImporter) -> (artifact id: '2a45ccf9bbfd9d9db559894f7addb274') in 0.0333329 seconds
Number of updated asset objects reloaded before import = 0Number of asset objects unloaded after import = 6

========================================================================
Received Import Request.
  Time since last request: 0.000017 seconds.
  path: Assets/Imports/Violet Theme Ui/Toggles/Toggle Fill Violet.png
  artifactKey: Guid(e7da5cbaae50b3742a2c64373d61cfd0) Importer(2089858483,192608db42251d675da83286b1cce702)
Start importing Assets/Imports/Violet Theme Ui/Toggles/Toggle Fill Violet.png using Guid(e7da5cbaae50b3742a2c64373d61cfd0) Importer(2089858483,192608db42251d675da83286b1cce702) (ScriptedImporter) -> (artifact id: '01a24a17d9432669588320b71aa74d37') in 0.0390912 seconds
Number of updated asset objects reloaded before import = 0Number of asset objects unloaded after import = 3

========================================================================
Received Import Request.
  Time since last request: 0.000025 seconds.
  path: Assets/Imports/Violet Theme Ui/Colored Icons/Coin.png
  artifactKey: Guid(93978dcbff65c754c82f146ed36c1c45) Importer(2089858483,192608db42251d675da83286b1cce702)
Start importing Assets/Imports/Violet Theme Ui/Colored Icons/Coin.png using Guid(93978dcbff65c754c82f146ed36c1c45) Importer(2089858483,192608db42251d675da83286b1cce702) (ScriptedImporter) -> (artifact id: 'e0065ff15472c519b41f8a7d09bd6f6e') in 0.0185822 seconds
Number of updated asset objects reloaded before import = 0Number of asset objects unloaded after import = 3

========================================================================
Received Import Request.
  Time since last request: 0.000072 seconds.
  path: Assets/Imports/Violet Theme Ui/Switch/Switch.afdesign
  artifactKey: Guid(73c8469faf4a58143a6eb59321504c23) Importer(2089858483,192608db42251d675da83286b1cce702)
Start importing Assets/Imports/Violet Theme Ui/Switch/Switch.afdesign using Guid(73c8469faf4a58143a6eb59321504c23) Importer(2089858483,192608db42251d675da83286b1cce702) (ScriptedImporter) -> (artifact id: 'caf9fe1d4c2f64ddb8da718f64f02afe') in 0.0387583 seconds
Number of updated asset objects reloaded before import = 0Number of asset objects unloaded after import = 1

========================================================================
Received Import Request.
  Time since last request: 0.000012 seconds.
  path: Assets/Imports/Violet Theme Ui/Colored Icons/Hammer.png
  artifactKey: Guid(c83fa2ac472c64145a29bad9c05a9a50) Importer(2089858483,192608db42251d675da83286b1cce702)
Start importing Assets/Imports/Violet Theme Ui/Colored Icons/Hammer.png using Guid(c83fa2ac472c64145a29bad9c05a9a50) Importer(2089858483,192608db42251d675da83286b1cce702) (ScriptedImporter) -> (artifact id: 'f3a1b8c0ca2d996082088a952f555304') in 0.0232399 seconds
Number of updated asset objects reloaded before import = 0Number of asset objects unloaded after import = 3

========================================================================
Received Import Request.
  Time since last request: 0.000014 seconds.
  path: Assets/Imports/Violet Theme Ui/Colored Icons/Trophy.png
  artifactKey: Guid(3522f1dff3fd3564c98cbbb56b303b6b) Importer(2089858483,192608db42251d675da83286b1cce702)
Start importing Assets/Imports/Violet Theme Ui/Colored Icons/Trophy.png using Guid(3522f1dff3fd3564c98cbbb56b303b6b) Importer(2089858483,192608db42251d675da83286b1cce702) (ScriptedImporter) -> (artifact id: 'e35447bb5e5c0050e9d497620b578245') in 0.019907 seconds
Number of updated asset objects reloaded before import = 0Number of asset objects unloaded after import = 3

========================================================================
Received Import Request.
  Time since last request: 0.000016 seconds.
  path: Assets/Imports/Violet Theme Ui/Sliders/Fill.afdesign
  artifactKey: Guid(e8c26f2fda532d7479c2774cd7d71cba) Importer(2089858483,192608db42251d675da83286b1cce702)
Start importing Assets/Imports/Violet Theme Ui/Sliders/Fill.afdesign using Guid(e8c26f2fda532d7479c2774cd7d71cba) Importer(2089858483,192608db42251d675da83286b1cce702) (ScriptedImporter) -> (artifact id: 'bd1904f09fb419e81a4659baaa943c9c') in 0.0124366 seconds
Number of updated asset objects reloaded before import = 0Number of asset objects unloaded after import = 1

========================================================================
Received Import Request.
  Time since last request: 0.000024 seconds.
  path: Assets/Imports/Violet Theme Ui/White Icons/White Planet.png
  artifactKey: Guid(a6ee27f83200c8c42b308dd9b14ab21a) Importer(2089858483,192608db42251d675da83286b1cce702)
Start importing Assets/Imports/Violet Theme Ui/White Icons/White Planet.png using Guid(a6ee27f83200c8c42b308dd9b14ab21a) Importer(2089858483,192608db42251d675da83286b1cce702) (ScriptedImporter) -> (artifact id: 'a2e502219652e1e65457f90c2f2deb5e') in 0.0643135 seconds
Number of updated asset objects reloaded before import = 0Number of asset objects unloaded after import = 5

========================================================================
Received Import Request.
  Time since last request: 0.000021 seconds.
  path: Assets/Imports/Violet Theme Ui/White Icons/White Wifi On.png
  artifactKey: Guid(82e5a4d9b6b108d49b57d7ba82a0bcec) Importer(2089858483,192608db42251d675da83286b1cce702)
Start importing Assets/Imports/Violet Theme Ui/White Icons/White Wifi On.png using Guid(82e5a4d9b6b108d49b57d7ba82a0bcec) Importer(2089858483,192608db42251d675da83286b1cce702) (ScriptedImporter) -> (artifact id: 'd65ce3455401f540740554ed9e4097b2') in 0.025389 seconds
Number of updated asset objects reloaded before import = 0Number of asset objects unloaded after import = 5

========================================================================
Received Import Request.
  Time since last request: 0.000014 seconds.
  path: Assets/Imports/Violet Theme Ui/Prefab/Progress Bar/Progress Bar Blue.prefab
  artifactKey: Guid(9f8c40ddd0f34914e8c5884d93ea8f3f) Importer(2089858483,192608db42251d675da83286b1cce702)
Start importing Assets/Imports/Violet Theme Ui/Prefab/Progress Bar/Progress Bar Blue.prefab using Guid(9f8c40ddd0f34914e8c5884d93ea8f3f) Importer(2089858483,192608db42251d675da83286b1cce702) (ScriptedImporter) -> (artifact id: '311e2f580d9547cbc5537ef3175df413') in 0.0263361 seconds
Number of updated asset objects reloaded before import = 0Number of asset objects unloaded after import = 17

========================================================================
Received Import Request.
  Time since last request: 0.000017 seconds.
  path: Assets/Imports/Violet Theme Ui/Colored Icons/Pencil.png
  artifactKey: Guid(f14422fe0972f6742b86a49a59c03d34) Importer(2089858483,192608db42251d675da83286b1cce702)
Start importing Assets/Imports/Violet Theme Ui/Colored Icons/Pencil.png using Guid(f14422fe0972f6742b86a49a59c03d34) Importer(2089858483,192608db42251d675da83286b1cce702) (ScriptedImporter) -> (artifact id: 'e9bb2136c557341eca1ec62df59c1ea1') in 0.0217282 seconds
Number of updated asset objects reloaded before import = 0Number of asset objects unloaded after import = 3

========================================================================
Received Import Request.
  Time since last request: 0.000021 seconds.
  path: Assets/Imports/Violet Theme Ui/White Icons/White Plus.png
  artifactKey: Guid(374ff4fc6c97e7844ad6fb1abf9653ce) Importer(2089858483,192608db42251d675da83286b1cce702)
Start importing Assets/Imports/Violet Theme Ui/White Icons/White Plus.png using Guid(374ff4fc6c97e7844ad6fb1abf9653ce) Importer(2089858483,192608db42251d675da83286b1cce702) (ScriptedImporter) -> (artifact id: '1f968b42ddcd9e0ef76c0bc75512ea86') in 0.0199193 seconds
Number of updated asset objects reloaded before import = 0Number of asset objects unloaded after import = 3

========================================================================
Received Import Request.
  Time since last request: 0.000015 seconds.
  path: Assets/Imports/Violet Theme Ui/White Icons/White Gift.png
  artifactKey: Guid(828cca5c37b17bf4fb0115a66ea7ffb6) Importer(2089858483,192608db42251d675da83286b1cce702)
Start importing Assets/Imports/Violet Theme Ui/White Icons/White Gift.png using Guid(828cca5c37b17bf4fb0115a66ea7ffb6) Importer(2089858483,192608db42251d675da83286b1cce702) (ScriptedImporter) -> (artifact id: '0b806f69f215cfdaa3c9bdfc58357625') in 0.024984 seconds
Number of updated asset objects reloaded before import = 0Number of asset objects unloaded after import = 7

========================================================================
Received Import Request.
  Time since last request: 0.000015 seconds.
  path: Assets/Imports/Violet Theme Ui/Colored Icons/Rank.png
  artifactKey: Guid(35ada85acb95b7941aab7c68c4e1dcec) Importer(2089858483,192608db42251d675da83286b1cce702)
Start importing Assets/Imports/Violet Theme Ui/Colored Icons/Rank.png using Guid(35ada85acb95b7941aab7c68c4e1dcec) Importer(2089858483,192608db42251d675da83286b1cce702) (ScriptedImporter) -> (artifact id: '026199992db81cd053726e1def85226b') in 0.0221485 seconds
Number of updated asset objects reloaded before import = 0Number of asset objects unloaded after import = 3

========================================================================
Received Import Request.
  Time since last request: 0.000015 seconds.
  path: Assets/Imports/Violet Theme Ui/Progress Bars/Progress Bar Yellow.png
  artifactKey: Guid(b67c53ee68dad3640b6698ae3135ffd9) Importer(2089858483,192608db42251d675da83286b1cce702)
Start importing Assets/Imports/Violet Theme Ui/Progress Bars/Progress Bar Yellow.png using Guid(b67c53ee68dad3640b6698ae3135ffd9) Importer(2089858483,192608db42251d675da83286b1cce702) (ScriptedImporter) -> (artifact id: '630a521ef8b0438ab0c117075899225e') in 0.0288401 seconds
Number of updated asset objects reloaded before import = 0Number of asset objects unloaded after import = 3

========================================================================
Received Import Request.
  Time since last request: 0.000021 seconds.
  path: Assets/Imports/Violet Theme Ui/Colored Icons/leaf.png
  artifactKey: Guid(a191b676b9627ca44aceb3a028607100) Importer(2089858483,192608db42251d675da83286b1cce702)
Start importing Assets/Imports/Violet Theme Ui/Colored Icons/leaf.png using Guid(a191b676b9627ca44aceb3a028607100) Importer(2089858483,192608db42251d675da83286b1cce702) (ScriptedImporter) -> (artifact id: '4ca76fcc76cdb223df9de3c98889452d') in 0.063156 seconds
Number of updated asset objects reloaded before import = 0Number of asset objects unloaded after import = 3

