[Licensing::Module] Trying to connect to existing licensing client channel...
[Licensing::IpcConnector] Successfully connected to: "LicenseClient-b15-06t2" at "2026-02-05T17:07:19.9183988Z"
Built from '6000.2/respin/6000.2.7f1-2eb0c79396db' branch; Version is '6000.2.7f2 (2b518236b676) revision 2838914'; Using compiler version '194234433'; Build Type 'Release'
OS: 'Windows 10  (10.0.19045) 64bit ProfessionalEducation' Language: 'es' Physical Memory: 32635 MB
BatchMode: 1, IsHumanControllingUs: 0, StartBugReporterOnCrash: 0, Is64bit: 1
Date: 2026-02-05T17:07:19Z

COMMAND LINE ARGUMENTS:
C:\Program Files\Unity\Hub\Editor\6000.2.7f2\Editor\Unity.exe
-adb2
-batchMode
-noUpm
-name
AssetImportWorker9
-projectPath
C:/UnityGithub/Granada
-logFile
Logs/AssetImportWorker9.log
-srvPort
56679
-licensingIpc
LicenseClient-b15-06t2
-job-worker-count
7
-background-job-worker-count
8
-gc-helper-count
1
-name
AssetImport
Successfully changed project path to: C:/UnityGithub/Granada
C:/UnityGithub/Granada
[UnityMemory] Configuration Parameters - Can be set up in boot.config
    "memorysetup-allocator-temp-initial-block-size-main=262144"
    "memorysetup-allocator-temp-initial-block-size-worker=262144"
    "memorysetup-bucket-allocator-granularity=16"
    "memorysetup-bucket-allocator-bucket-count=8"
    "memorysetup-bucket-allocator-block-size=33554432"
    "memorysetup-bucket-allocator-block-count=8"
    "memorysetup-main-allocator-block-size=16777216"
    "memorysetup-thread-allocator-block-size=16777216"
    "memorysetup-gfx-main-allocator-block-size=16777216"
    "memorysetup-gfx-thread-allocator-block-size=16777216"
    "memorysetup-cache-allocator-block-size=4194304"
    "memorysetup-typetree-allocator-block-size=2097152"
    "memorysetup-profiler-bucket-allocator-granularity=16"
    "memorysetup-profiler-bucket-allocator-bucket-count=8"
    "memorysetup-profiler-bucket-allocator-block-size=33554432"
    "memorysetup-profiler-bucket-allocator-block-count=8"
    "memorysetup-profiler-allocator-block-size=16777216"
    "memorysetup-profiler-editor-allocator-block-size=1048576"
    "memorysetup-temp-allocator-size-main=16777216"
    "memorysetup-job-temp-allocator-block-size=2097152"
    "memorysetup-job-temp-allocator-block-size-background=1048576"
    "memorysetup-job-temp-allocator-reduction-small-platforms=262144"
    "memorysetup-temp-allocator-size-background-worker=32768"
    "memorysetup-temp-allocator-size-job-worker=262144"
    "memorysetup-temp-allocator-size-preload-manager=33554432"
    "memorysetup-temp-allocator-size-nav-mesh-worker=65536"
    "memorysetup-temp-allocator-size-audio-worker=65536"
    "memorysetup-temp-allocator-size-cloud-worker=32768"
    "memorysetup-temp-allocator-size-gi-baking-worker=262144"
    "memorysetup-temp-allocator-size-gi-baking-worker=262144"
    "memorysetup-temp-allocator-size-gi-baking-worker=262144"
    "memorysetup-temp-allocator-size-gi-baking-worker=262144"
    "memorysetup-temp-allocator-size-gi-baking-worker=262144"
    "memorysetup-temp-allocator-size-gfx=262144"
Player connection [8424]  Target information:

Player connection [8424]  * "[IP] 10.15.0.6 [Port] 0 [Flags] 2 [Guid] 2425774698 [EditorId] 2425774698 [Version] 1048832 [Id] WindowsEditor(7,AULAB15-06) [Debug] 1 [PackageName] WindowsEditor [ProjectName] Editor" 

Player connection [8424]  * "[IP] 192.168.56.1 [Port] 0 [Flags] 2 [Guid] 2425774698 [EditorId] 2425774698 [Version] 1048832 [Id] WindowsEditor(7,AULAB15-06) [Debug] 1 [PackageName] WindowsEditor [ProjectName] Editor" 

Player connection [8424]  * "[IP] 172.30.176.1 [Port] 0 [Flags] 2 [Guid] 2425774698 [EditorId] 2425774698 [Version] 1048832 [Id] WindowsEditor(7,AULAB15-06) [Debug] 1 [PackageName] WindowsEditor [ProjectName] Editor" 

Player connection [8424] Host joined multi-casting on [225.0.0.222:54997]...
Player connection [8424] Host joined alternative multi-casting on [225.0.0.222:34997]...
JobSystem: Creating JobQueue using job-worker-count value 7
Input System module state changed to: Initialized.
[Physics::Module] Initialized fallback backend.
[Physics::Module] Id: 0xdecafbad
[Licensing::Client] Code 10 while verifying Licensing Client signature (process Id: 8368, path: "C:/Program Files/Unity Hub/UnityLicensingClient_V1/Unity.Licensing.Client.exe")
[Licensing::Module] LicensingClient has failed validation; ignoring
[Licensing::Client] Handshaking with LicensingClient:
  Version:                 1.17.3+a4e98f1
  Session Id:              720bfe0cd00c484bae50bdf034727b64
  Correlation Id:          9595d931ce30acdf9c86d53fab512b4e
  External correlation Id: 1533599872685034522
  Machine Id:              rk4/wnZTdctTDab783WbcWnflrA=
[Licensing::Module] Successfully connected to LicensingClient on channel: "LicenseClient-b15-06t2" (connect: 0.00s, validation: 0.00s, handshake: 0.06s)
[Licensing::IpcConnector] Successfully connected to: "LicenseClient-b15-06t2-notifications" at "2026-02-05T17:07:19.9801585Z"
[Licensing::Module] Licensing Background thread has ended after 0.06s
Library Redirect Path: Library/
[Physics::Module] Selected backend.
[Physics::Module] Name: PhysX
[Physics::Module] Id: 0xf2b8ea05
[Physics::Module] SDK Version: 4.1.2
[Physics::Module] Integration Version: 1.0.0
[Physics::Module] Threading Mode: Multi-Threaded
Refreshing native plugins compatible for Editor in 3.31 ms, found 3 plugins.
Preloading 0 native plugins for Editor in 0.00 ms.
Initialize engine version: 6000.2.7f2 (2b518236b676)
[Subsystems] Discovering subsystems at path C:/Program Files/Unity/Hub/Editor/6000.2.7f2/Editor/Data/Resources/UnitySubsystems
[Subsystems] Discovering subsystems at path C:/UnityGithub/Granada/Assets
GfxDevice: creating device client; kGfxThreadingModeNonThreaded
Direct3D:
    Version:  Direct3D 11.0 [level 11.1]
    Renderer: NVIDIA GeForce GTX 1650 (ID=0x2188)
    Vendor:   NVIDIA
    VRAM:     3935 MB
    Driver:   32.0.15.6094
Shader 'WFX/Transparent Diffuse': fallback shader 'Particles/Alpha Blended' not found
Shader 'WFX/Transparent Specular': fallback shader 'Particles/Alpha Blended' not found
Initialize mono
Mono path[0] = 'C:/Program Files/Unity/Hub/Editor/6000.2.7f2/Editor/Data/Managed'
Mono path[1] = 'C:/Program Files/Unity/Hub/Editor/6000.2.7f2/Editor/Data/MonoBleedingEdge/lib/mono/unityjit-win32'
Mono config path = 'C:/Program Files/Unity/Hub/Editor/6000.2.7f2/Editor/Data/MonoBleedingEdge/etc'
Using monoOptions --debugger-agent=transport=dt_socket,embedding=1,server=y,suspend=n,address=127.0.0.1:56396
Begin MonoManager ReloadAssembly
Registering precompiled unity dll's ...
Register platform support module: C:/Program Files/Unity/Hub/Editor/6000.2.7f2/Editor/Data/PlaybackEngines/WindowsStandaloneSupport/UnityEditor.WindowsStandalone.Extensions.dll
[Licensing::Client] Successfully resolved entitlement details
[Licensing::Module] License group:
  Id: 1375750539729-UnityPersXXXX
  Product: Unity Personal
  Type: Assigned
  Expiration: Unlimited
Register platform support module: C:/Program Files/Unity/Hub/Editor/6000.2.7f2/Editor/Data/PlaybackEngines/AndroidPlayer/UnityEditor.Android.Extensions.dll
Registered in 0.005414 seconds.
- Loaded All Assemblies, in  0.552 seconds
Native extension for Android target not found
Android Extension - Scanning For ADB Devices 342 ms
Native extension for WindowsStandalone target not found
Mono: successfully reloaded assembly
- Finished resetting the current domain, in  0.958 seconds
Domain Reload Profiling: 1506ms
	BeginReloadAssembly (168ms)
		ExecutionOrderSort (0ms)
		DisableScriptedObjects (0ms)
		BackupInstance (0ms)
		ReleaseScriptingObjects (0ms)
		CreateAndSetChildDomain (1ms)
	RebuildCommonClasses (59ms)
	RebuildNativeTypeToScriptingClass (18ms)
	initialDomainReloadingComplete (71ms)
	LoadAllAssembliesAndSetupDomain (232ms)
		LoadAssemblies (164ms)
		RebuildTransferFunctionScriptingTraits (0ms)
		AnalyzeDomain (228ms)
			TypeCache.Refresh (226ms)
				TypeCache.ScanAssembly (207ms)
			BuildScriptInfoCaches (0ms)
			ResolveRequiredComponents (1ms)
	FinalizeReload (958ms)
		ReleaseScriptCaches (0ms)
		RebuildScriptCaches (0ms)
		SetupLoadedEditorAssemblies (889ms)
			LogAssemblyErrors (0ms)
			InitializePlatformSupportModulesInManaged (484ms)
			SetLoadedEditorAssemblies (4ms)
			BeforeProcessingInitializeOnLoad (107ms)
			ProcessInitializeOnLoadAttributes (220ms)
			ProcessInitializeOnLoadMethodAttributes (73ms)
			AfterProcessingInitializeOnLoad (0ms)
			EditorAssembliesLoaded (0ms)
		ExecutionOrderSort2 (0ms)
		AwakeInstancesAfterBackupRestoration (0ms)
========================================================================
Worker process is ready to serve import requests
Import Worker Mode flag is 0x00
Begin MonoManager ReloadAssembly
[Licensing::Client] Successfully resolved entitlement details
- Loaded All Assemblies, in  1.141 seconds
Refreshing native plugins compatible for Editor in 1.30 ms, found 3 plugins.
Native extension for Android target not found
Native extension for WindowsStandalone target not found
Package Manager log level set to [2]
[Package Manager] Failed to launch server process. Reason: Unity was launched with the -noUpm command-line argument
[Package Manager] Unable to send message (not connected to server process).
[Package Manager] Cannot connect to Unity Package Manager local server
Mono: successfully reloaded assembly
- Finished resetting the current domain, in  1.200 seconds
Domain Reload Profiling: 2333ms
	BeginReloadAssembly (264ms)
		ExecutionOrderSort (0ms)
		DisableScriptedObjects (8ms)
		BackupInstance (0ms)
		ReleaseScriptingObjects (0ms)
		CreateAndSetChildDomain (45ms)
	RebuildCommonClasses (60ms)
	RebuildNativeTypeToScriptingClass (17ms)
	initialDomainReloadingComplete (54ms)
	LoadAllAssembliesAndSetupDomain (737ms)
		LoadAssemblies (501ms)
		RebuildTransferFunctionScriptingTraits (0ms)
		AnalyzeDomain (377ms)
			TypeCache.Refresh (294ms)
				TypeCache.ScanAssembly (272ms)
			BuildScriptInfoCaches (64ms)
			ResolveRequiredComponents (15ms)
	FinalizeReload (1200ms)
		ReleaseScriptCaches (0ms)
		RebuildScriptCaches (0ms)
		SetupLoadedEditorAssemblies (874ms)
			LogAssemblyErrors (0ms)
			InitializePlatformSupportModulesInManaged (17ms)
			SetLoadedEditorAssemblies (7ms)
			BeforeProcessingInitializeOnLoad (254ms)
			ProcessInitializeOnLoadAttributes (514ms)
			ProcessInitializeOnLoadMethodAttributes (75ms)
			AfterProcessingInitializeOnLoad (8ms)
			EditorAssembliesLoaded (0ms)
		ExecutionOrderSort2 (0ms)
		AwakeInstancesAfterBackupRestoration (8ms)
Shader 'WFX/Transparent Diffuse': fallback shader 'Particles/Alpha Blended' not found
Shader 'WFX/Transparent Specular': fallback shader 'Particles/Alpha Blended' not found
Launched and connected shader compiler UnityShaderCompiler.exe after 0.03 seconds
Refreshing native plugins compatible for Editor in 1.40 ms, found 3 plugins.
Preloading 0 native plugins for Editor in 0.00 ms.
Unloading 14 Unused Serialized files (Serialized files now loaded: 0)
Unloading 6174 unused Assets / (4.7 MB). Loaded Objects now: 6879.
Memory consumption went from 134.3 MB to 129.6 MB.
Total: 79.337400 ms (FindLiveObjects: 1.570400 ms CreateObjectMapping: 67.353400 ms MarkObjects: 7.132700 ms  DeleteObjects: 3.279400 ms)

========================================================================
Received Import Request.
  Time since last request: 19546.403070 seconds.
  path: Assets/Settings/UniversalRenderPipelineGlobalSettings.asset
  artifactKey: Guid(18dc0cd2c080841dea60987a38ce93fa) Importer(2089858483,3d70f49cd1c2eb9ae422958d1c652c6b)
Start importing Assets/Settings/UniversalRenderPipelineGlobalSettings.asset using Guid(18dc0cd2c080841dea60987a38ce93fa) Importer(2089858483,3d70f49cd1c2eb9ae422958d1c652c6b) (ScriptedImporter) -> (artifact id: 'aec41501d60bb6d2d0c3c4abca1905f1') in 0.7522465 seconds
Number of updated asset objects reloaded before import = 0Number of asset objects unloaded after import = 0

========================================================================
Received Import Request.
  Time since last request: 0.000034 seconds.
  path: Assets/Imports/JMO Assets/WarFX/Desktop/Materials/Bullet Holes/WFX_BulletHole Wood.mat
  artifactKey: Guid(c301bbc4eedf9c641921c1affecab38f) Importer(2089858483,192608db42251d675da83286b1cce702)
Start importing Assets/Imports/JMO Assets/WarFX/Desktop/Materials/Bullet Holes/WFX_BulletHole Wood.mat using Guid(c301bbc4eedf9c641921c1affecab38f) Importer(2089858483,192608db42251d675da83286b1cce702) (ScriptedImporter) -> (artifact id: '5a4ab27a78b04a24f63415229d367eec') in 0.1689773 seconds
Number of updated asset objects reloaded before import = 0Number of asset objects unloaded after import = 2

========================================================================
Received Import Request.
  Time since last request: 0.000057 seconds.
  path: Assets/Imports/JMO Assets/WarFX/_Effects (Mobile)/Explosions/WFXMR_ExplosiveSmokeGround Big.prefab
  artifactKey: Guid(fafeb973cad62304ba2abdc5dfafbf8f) Importer(2089858483,192608db42251d675da83286b1cce702)
Start importing Assets/Imports/JMO Assets/WarFX/_Effects (Mobile)/Explosions/WFXMR_ExplosiveSmokeGround Big.prefab using Guid(fafeb973cad62304ba2abdc5dfafbf8f) Importer(2089858483,192608db42251d675da83286b1cce702) (ScriptedImporter) -> (artifact id: '61837a8044e0d35d7d5aae08b49dde86') in 0.1835072 seconds
Number of updated asset objects reloaded before import = 0Number of asset objects unloaded after import = 32

========================================================================
Received Import Request.
  Time since last request: 0.000026 seconds.
  path: Assets/Imports/JMO Assets/WarFX/_Effects (Mobile)/Explosions/WFXMR_ExplosiveSmoke.prefab
  artifactKey: Guid(e4704660d196fac40802911e12ac76f1) Importer(2089858483,192608db42251d675da83286b1cce702)
Start importing Assets/Imports/JMO Assets/WarFX/_Effects (Mobile)/Explosions/WFXMR_ExplosiveSmoke.prefab using Guid(e4704660d196fac40802911e12ac76f1) Importer(2089858483,192608db42251d675da83286b1cce702) (ScriptedImporter) -> (artifact id: 'b7876ebe046cfba64870a65a7c97a092') in 0.0565815 seconds
Number of updated asset objects reloaded before import = 0Number of asset objects unloaded after import = 28

========================================================================
Received Import Request.
  Time since last request: 0.000030 seconds.
  path: Assets/Imports/JMO Assets/WarFX/_Effects (Mobile)/Smoke/WFXMR_SmokeGrenade Gray.prefab
  artifactKey: Guid(2ba9ef067d14f12478dc4de6baf23094) Importer(2089858483,192608db42251d675da83286b1cce702)
Start importing Assets/Imports/JMO Assets/WarFX/_Effects (Mobile)/Smoke/WFXMR_SmokeGrenade Gray.prefab using Guid(2ba9ef067d14f12478dc4de6baf23094) Importer(2089858483,192608db42251d675da83286b1cce702) (ScriptedImporter) -> (artifact id: 'dafa2ee7156a4dba34493d3ded68def6') in 0.0719276 seconds
Number of updated asset objects reloaded before import = 0Number of asset objects unloaded after import = 12

========================================================================
Received Import Request.
  Time since last request: 0.000153 seconds.
  path: Assets/Imports/JMO Assets/WarFX/_Effects/Smoke/Color Variants/WFX_SmokeGrenade Red.prefab
  artifactKey: Guid(6bd48b8ad8246424db56d2beee2f8611) Importer(2089858483,3d70f49cd1c2eb9ae422958d1c652c6b)
Start importing Assets/Imports/JMO Assets/WarFX/_Effects/Smoke/Color Variants/WFX_SmokeGrenade Red.prefab using Guid(6bd48b8ad8246424db56d2beee2f8611) Importer(2089858483,3d70f49cd1c2eb9ae422958d1c652c6b) (ScriptedImporter) -> (artifact id: '1eccbd1af8c179e97dfdb3562425df3f') in 0.0270593 seconds
Number of updated asset objects reloaded before import = 0Number of asset objects unloaded after import = 13

========================================================================
Received Import Request.
  Time since last request: 0.000023 seconds.
  path: Assets/Imports/JMO Assets/WarFX/Desktop/Materials/MuzzleFlashes/WFX_M_MF FrontRear RIFLE1.mat
  artifactKey: Guid(f75cfa7d313f4ca4a9a0367922a04e8b) Importer(2089858483,192608db42251d675da83286b1cce702)
Start importing Assets/Imports/JMO Assets/WarFX/Desktop/Materials/MuzzleFlashes/WFX_M_MF FrontRear RIFLE1.mat using Guid(f75cfa7d313f4ca4a9a0367922a04e8b) Importer(2089858483,192608db42251d675da83286b1cce702) (ScriptedImporter) -> (artifact id: '569091d3298b832f13e0c1bb576dcaff') in 0.0236114 seconds
Number of updated asset objects reloaded before import = 0Number of asset objects unloaded after import = 2

========================================================================
Received Import Request.
  Time since last request: 0.000034 seconds.
  path: Assets/Imports/JMO Assets/WarFX/Desktop/Materials/MuzzleFlashes/WFX_M_MF Side RIFLE2.mat
  artifactKey: Guid(2d19a190a68ab3847befbe5ad5924da0) Importer(2089858483,192608db42251d675da83286b1cce702)
Start importing Assets/Imports/JMO Assets/WarFX/Desktop/Materials/MuzzleFlashes/WFX_M_MF Side RIFLE2.mat using Guid(2d19a190a68ab3847befbe5ad5924da0) Importer(2089858483,192608db42251d675da83286b1cce702) (ScriptedImporter) -> (artifact id: 'f8b1e5811bd132f18c0ae20d2bea199d') in 0.0207957 seconds
Number of updated asset objects reloaded before import = 0Number of asset objects unloaded after import = 2

========================================================================
Received Import Request.
  Time since last request: 0.000018 seconds.
  path: Assets/Imports/JMO Assets/WarFX/_Effects (Mobile)/Fire/Black Smoke/WFXMR_Fire Natural (Black Smoke).prefab
  artifactKey: Guid(f4a2c3f050b1cad4d9241bd31795a925) Importer(2089858483,3d70f49cd1c2eb9ae422958d1c652c6b)
Start importing Assets/Imports/JMO Assets/WarFX/_Effects (Mobile)/Fire/Black Smoke/WFXMR_Fire Natural (Black Smoke).prefab using Guid(f4a2c3f050b1cad4d9241bd31795a925) Importer(2089858483,3d70f49cd1c2eb9ae422958d1c652c6b) (ScriptedImporter) -> (artifact id: '6752c063eece7f5de742bb4b0018b6c6') in 0.0251171 seconds
Number of updated asset objects reloaded before import = 0Number of asset objects unloaded after import = 18

========================================================================
Received Import Request.
  Time since last request: 0.000022 seconds.
  path: Assets/Imports/JMO Assets/WarFX/_Effects (Mobile)/Explosions/WFXMR_ExplosiveSmokeGround Small.prefab
  artifactKey: Guid(a2b9ce854d0a5004cba27ab45cbfe205) Importer(2089858483,3d70f49cd1c2eb9ae422958d1c652c6b)
Start importing Assets/Imports/JMO Assets/WarFX/_Effects (Mobile)/Explosions/WFXMR_ExplosiveSmokeGround Small.prefab using Guid(a2b9ce854d0a5004cba27ab45cbfe205) Importer(2089858483,3d70f49cd1c2eb9ae422958d1c652c6b) (ScriptedImporter) -> (artifact id: '836c799f00032d448921d74a5af06267') in 0.0327571 seconds
Number of updated asset objects reloaded before import = 0Number of asset objects unloaded after import = 36

========================================================================
Received Import Request.
  Time since last request: 0.000027 seconds.
  path: Assets/Imports/JMO Assets/WarFX/_Effects/Bullet Impacts/+ Bullet Hole/Unlit/WFX_BImpact Concrete + Hole Unlit.prefab
  artifactKey: Guid(94a130fb17f1cae4388a8fe1d8bd3055) Importer(2089858483,3d70f49cd1c2eb9ae422958d1c652c6b)
Start importing Assets/Imports/JMO Assets/WarFX/_Effects/Bullet Impacts/+ Bullet Hole/Unlit/WFX_BImpact Concrete + Hole Unlit.prefab using Guid(94a130fb17f1cae4388a8fe1d8bd3055) Importer(2089858483,3d70f49cd1c2eb9ae422958d1c652c6b) (ScriptedImporter) -> (artifact id: 'a88fe0068006fa99868f9816a7621b5b') in 0.0275397 seconds
Number of updated asset objects reloaded before import = 0Number of asset objects unloaded after import = 24

========================================================================
Received Import Request.
  Time since last request: 0.000028 seconds.
  path: Assets/Imports/JMO Assets/WarFX/_Effects (Mobile)/Fire/Black Smoke/WFXMR_Fire Natural Broad (Black Smoke).prefab
  artifactKey: Guid(fb98c59db5f557e42917111512376ab7) Importer(2089858483,3d70f49cd1c2eb9ae422958d1c652c6b)
Start importing Assets/Imports/JMO Assets/WarFX/_Effects (Mobile)/Fire/Black Smoke/WFXMR_Fire Natural Broad (Black Smoke).prefab using Guid(fb98c59db5f557e42917111512376ab7) Importer(2089858483,3d70f49cd1c2eb9ae422958d1c652c6b) (ScriptedImporter) -> (artifact id: '5e4ea2bdb6ff0206e94c32a8853bec84') in 0.0229945 seconds
Number of updated asset objects reloaded before import = 0Number of asset objects unloaded after import = 18

========================================================================
Received Import Request.
  Time since last request: 0.000020 seconds.
  path: Assets/Imports/JMO Assets/WarFX/_Effects/Fire/Black Smoke/WFX_GazFireBig (Black Smoke).prefab
  artifactKey: Guid(977bc30ff641de44bbf012f86491b775) Importer(2089858483,3d70f49cd1c2eb9ae422958d1c652c6b)
Start importing Assets/Imports/JMO Assets/WarFX/_Effects/Fire/Black Smoke/WFX_GazFireBig (Black Smoke).prefab using Guid(977bc30ff641de44bbf012f86491b775) Importer(2089858483,3d70f49cd1c2eb9ae422958d1c652c6b) (ScriptedImporter) -> (artifact id: '4a5b13a1472b1e9984c7ed69505062c5') in 0.021489 seconds
Number of updated asset objects reloaded before import = 0Number of asset objects unloaded after import = 18

========================================================================
Received Import Request.
  Time since last request: 0.000020 seconds.
  path: Assets/Imports/JMO Assets/WarFX/Mobile/Materials/Bullet Holes/WFXM_BulletHole Wood Lighted.mat
  artifactKey: Guid(22e274cec6ea8674cb2d4015a3fe1770) Importer(2089858483,192608db42251d675da83286b1cce702)
Start importing Assets/Imports/JMO Assets/WarFX/Mobile/Materials/Bullet Holes/WFXM_BulletHole Wood Lighted.mat using Guid(22e274cec6ea8674cb2d4015a3fe1770) Importer(2089858483,192608db42251d675da83286b1cce702) (ScriptedImporter) -> (artifact id: '6a802b95b80cc46d4812191f16f43d88') in 0.0216499 seconds
Number of updated asset objects reloaded before import = 0Number of asset objects unloaded after import = 2

========================================================================
Received Import Request.
  Time since last request: 0.000028 seconds.
  path: Assets/Imports/JMO Assets/WarFX/Mobile/Materials/Flames/WFXM_M_FlameMine Add.mat
  artifactKey: Guid(2982c27c5a079614097abf8aa0e32609) Importer(2089858483,192608db42251d675da83286b1cce702)
Start importing Assets/Imports/JMO Assets/WarFX/Mobile/Materials/Flames/WFXM_M_FlameMine Add.mat using Guid(2982c27c5a079614097abf8aa0e32609) Importer(2089858483,192608db42251d675da83286b1cce702) (ScriptedImporter) -> (artifact id: '41ebeac74fe0c1ab8caa8b55f04c6a97') in 0.023125 seconds
Number of updated asset objects reloaded before import = 0Number of asset objects unloaded after import = 2

========================================================================
Received Import Request.
  Time since last request: 0.000026 seconds.
  path: Assets/Imports/JMO Assets/WarFX/Mobile/Materials/Bullet Holes/WFXM_BulletHole Generic Dirt.mat
  artifactKey: Guid(12e384003051d804d826efc716fc5f73) Importer(2089858483,192608db42251d675da83286b1cce702)
Start importing Assets/Imports/JMO Assets/WarFX/Mobile/Materials/Bullet Holes/WFXM_BulletHole Generic Dirt.mat using Guid(12e384003051d804d826efc716fc5f73) Importer(2089858483,192608db42251d675da83286b1cce702) (ScriptedImporter) -> (artifact id: '0667c4582d243cd125b6603e34b445af') in 0.0240103 seconds
Number of updated asset objects reloaded before import = 0Number of asset objects unloaded after import = 2

========================================================================
Received Import Request.
  Time since last request: 0.000019 seconds.
  path: Assets/Imports/JMO Assets/WarFX/Desktop/Materials/Misc/WFX_M_GlowCircle Add.mat
  artifactKey: Guid(cd8002f70c22e4840bffd510c84d3c10) Importer(2089858483,192608db42251d675da83286b1cce702)
Start importing Assets/Imports/JMO Assets/WarFX/Desktop/Materials/Misc/WFX_M_GlowCircle Add.mat using Guid(cd8002f70c22e4840bffd510c84d3c10) Importer(2089858483,192608db42251d675da83286b1cce702) (ScriptedImporter) -> (artifact id: '0fc70cf9708c7c14a95e6d1c20fc952d') in 0.0239671 seconds
Number of updated asset objects reloaded before import = 0Number of asset objects unloaded after import = 2

========================================================================
Received Import Request.
  Time since last request: 0.000019 seconds.
  path: Assets/Imports/JMO Assets/WarFX/Demo/UI Canvas/CFX Demo Btn Arrow.png
  artifactKey: Guid(6ca93523b0317c242b05932fedb07cb3) Importer(2089858483,192608db42251d675da83286b1cce702)
Start importing Assets/Imports/JMO Assets/WarFX/Demo/UI Canvas/CFX Demo Btn Arrow.png using Guid(6ca93523b0317c242b05932fedb07cb3) Importer(2089858483,192608db42251d675da83286b1cce702) (ScriptedImporter) -> (artifact id: '7b84fb26c298cbb62241812560fcdddb') in 0.0815172 seconds
Number of updated asset objects reloaded before import = 0Number of asset objects unloaded after import = 3

========================================================================
Received Import Request.
  Time since last request: 0.000025 seconds.
  path: Assets/Imports/JMO Assets/WarFX/_Effects/Smoke/WFX_SmokeGrenade White.prefab
  artifactKey: Guid(b7a5dd96bb4187348909e660f427221b) Importer(2089858483,192608db42251d675da83286b1cce702)
Start importing Assets/Imports/JMO Assets/WarFX/_Effects/Smoke/WFX_SmokeGrenade White.prefab using Guid(b7a5dd96bb4187348909e660f427221b) Importer(2089858483,192608db42251d675da83286b1cce702) (ScriptedImporter) -> (artifact id: 'd67fa78b0c4499a80b1a6d9218bb47d9') in 0.0549897 seconds
Number of updated asset objects reloaded before import = 0Number of asset objects unloaded after import = 12

========================================================================
Received Import Request.
  Time since last request: 0.000031 seconds.
  path: Assets/Imports/JMO Assets/WarFX/Mobile/Textures/Misc/WFXM_T_GroundGlow A8.tga
  artifactKey: Guid(d06d2f147c474b542a9d215471c93d1a) Importer(2089858483,192608db42251d675da83286b1cce702)
Start importing Assets/Imports/JMO Assets/WarFX/Mobile/Textures/Misc/WFXM_T_GroundGlow A8.tga using Guid(d06d2f147c474b542a9d215471c93d1a) Importer(2089858483,192608db42251d675da83286b1cce702) (ScriptedImporter) -> (artifact id: 'db230d1cf2ae0dcc3613b0f361e6b101') in 0.0308472 seconds
Number of updated asset objects reloaded before import = 0Number of asset objects unloaded after import = 1

========================================================================
Received Import Request.
  Time since last request: 0.000020 seconds.
  path: Assets/Imports/JMO Assets/WarFX/Mobile/Textures/Bullet Holes/WFXM_T_BulletHoles Wood.tga
  artifactKey: Guid(22b2fb4b5fccb7f42a75c83a2ceecaa9) Importer(2089858483,192608db42251d675da83286b1cce702)
Start importing Assets/Imports/JMO Assets/WarFX/Mobile/Textures/Bullet Holes/WFXM_T_BulletHoles Wood.tga using Guid(22b2fb4b5fccb7f42a75c83a2ceecaa9) Importer(2089858483,192608db42251d675da83286b1cce702) (ScriptedImporter) -> (artifact id: '83e3f694a0c08d9a0c33e212fc281771') in 0.0308847 seconds
Number of updated asset objects reloaded before import = 0Number of asset objects unloaded after import = 1

========================================================================
Received Import Request.
  Time since last request: 0.000021 seconds.
  path: Assets/Imports/JMO Assets/WarFX/Mobile/Textures/Bullet Holes/WFXM_T_BulletHoles Concrete.tga
  artifactKey: Guid(f6a28e01af186fe4faca54e91d94906d) Importer(2089858483,192608db42251d675da83286b1cce702)
Start importing Assets/Imports/JMO Assets/WarFX/Mobile/Textures/Bullet Holes/WFXM_T_BulletHoles Concrete.tga using Guid(f6a28e01af186fe4faca54e91d94906d) Importer(2089858483,192608db42251d675da83286b1cce702) (ScriptedImporter) -> (artifact id: '03fe7305d7ac8757b78a7327a1dcab99') in 0.0289553 seconds
Number of updated asset objects reloaded before import = 0Number of asset objects unloaded after import = 1

========================================================================
Received Import Request.
  Time since last request: 0.000018 seconds.
  path: Assets/Imports/Grenades_Lowpoly/Grenade2/grenade2_lowpoly.FBX
  artifactKey: Guid(61c492d903529924cb2e8ace6507e556) Importer(2089858483,192608db42251d675da83286b1cce702)
Start importing Assets/Imports/Grenades_Lowpoly/Grenade2/grenade2_lowpoly.FBX using Guid(61c492d903529924cb2e8ace6507e556) Importer(2089858483,192608db42251d675da83286b1cce702) (ScriptedImporter) -> (artifact id: 'c64afdd0717ab4c4f0fcd45a6cc0b7a6') in 0.0606215 seconds
Number of updated asset objects reloaded before import = 0Number of asset objects unloaded after import = 8

========================================================================
Received Import Request.
  Time since last request: 0.000033 seconds.
  path: Assets/Imports/JMO Assets/WarFX/_Effects/Smoke/WFX_SmokeGrenade Gray.prefab
  artifactKey: Guid(a24c2dc4ddb2fb34591d1bbab6a8354a) Importer(2089858483,192608db42251d675da83286b1cce702)
Start importing Assets/Imports/JMO Assets/WarFX/_Effects/Smoke/WFX_SmokeGrenade Gray.prefab using Guid(a24c2dc4ddb2fb34591d1bbab6a8354a) Importer(2089858483,192608db42251d675da83286b1cce702) (ScriptedImporter) -> (artifact id: '27d97ed378eacb2a2cdd95abbe6ba70a') in 0.073684 seconds
Number of updated asset objects reloaded before import = 0Number of asset objects unloaded after import = 12

========================================================================
Received Import Request.
  Time since last request: 0.000019 seconds.
  path: Assets/Imports/JMO Assets/WarFX/_Effects (Mobile)/Fire/No Smoke/WFXMR_Fire Natural Broad (No Smoke).prefab
  artifactKey: Guid(34fd02ac9d79ecc48959596089be08ca) Importer(2089858483,192608db42251d675da83286b1cce702)
Start importing Assets/Imports/JMO Assets/WarFX/_Effects (Mobile)/Fire/No Smoke/WFXMR_Fire Natural Broad (No Smoke).prefab using Guid(34fd02ac9d79ecc48959596089be08ca) Importer(2089858483,192608db42251d675da83286b1cce702) (ScriptedImporter) -> (artifact id: 'ca772553e2f5f51eb8b1057668a5665c') in 0.0564662 seconds
Number of updated asset objects reloaded before import = 0Number of asset objects unloaded after import = 12

========================================================================
Received Import Request.
  Time since last request: 0.000020 seconds.
  path: Assets/Imports/JMO Assets/WarFX/_Effects/MuzzleFlashes/4Planes/WFX_MF 4P RIFLE1.prefab
  artifactKey: Guid(c888f0c922d622147bbdbe2ca794142b) Importer(2089858483,192608db42251d675da83286b1cce702)
Start importing Assets/Imports/JMO Assets/WarFX/_Effects/MuzzleFlashes/4Planes/WFX_MF 4P RIFLE1.prefab using Guid(c888f0c922d622147bbdbe2ca794142b) Importer(2089858483,192608db42251d675da83286b1cce702) (ScriptedImporter) -> (artifact id: 'a88870236582bcea3da347e24d145562') in 0.05883 seconds
Number of updated asset objects reloaded before import = 0Number of asset objects unloaded after import = 32

========================================================================
Received Import Request.
  Time since last request: 0.000023 seconds.
  path: Assets/Imports/JMO Assets/WarFX/_Effects (Mobile)/Fire/Gray Smoke/WFXMR_GazFireBig (Gray Smoke).prefab
  artifactKey: Guid(0cb8c2d73332b6845b2eec02e21e91f2) Importer(2089858483,192608db42251d675da83286b1cce702)
Start importing Assets/Imports/JMO Assets/WarFX/_Effects (Mobile)/Fire/Gray Smoke/WFXMR_GazFireBig (Gray Smoke).prefab using Guid(0cb8c2d73332b6845b2eec02e21e91f2) Importer(2089858483,192608db42251d675da83286b1cce702) (ScriptedImporter) -> (artifact id: '80eb78467e9b8d94ba56961157d5f2c2') in 0.0582099 seconds
Number of updated asset objects reloaded before import = 0Number of asset objects unloaded after import = 16

========================================================================
Received Import Request.
  Time since last request: 0.000018 seconds.
  path: Assets/Imports/JMO Assets/WarFX/_Effects/Bullet Impacts/+ Bullet Hole/WFX_BImpact Dirt + Hole.prefab
  artifactKey: Guid(2f9348d6583cde14eb0d82bb9732647e) Importer(2089858483,192608db42251d675da83286b1cce702)
Start importing Assets/Imports/JMO Assets/WarFX/_Effects/Bullet Impacts/+ Bullet Hole/WFX_BImpact Dirt + Hole.prefab using Guid(2f9348d6583cde14eb0d82bb9732647e) Importer(2089858483,192608db42251d675da83286b1cce702) (ScriptedImporter) -> (artifact id: 'e40a1ecccca206ce85a7a1db8c7228d5') in 0.0682481 seconds
Number of updated asset objects reloaded before import = 0Number of asset objects unloaded after import = 22

========================================================================
Received Import Request.
  Time since last request: 0.000025 seconds.
  path: Assets/Imports/Grenades_Lowpoly/Grenade1/grenade_lowpoly_prefab.prefab
  artifactKey: Guid(216ec6e5fef3e254d86b21071e614d66) Importer(2089858483,192608db42251d675da83286b1cce702)
Start importing Assets/Imports/Grenades_Lowpoly/Grenade1/grenade_lowpoly_prefab.prefab using Guid(216ec6e5fef3e254d86b21071e614d66) Importer(2089858483,192608db42251d675da83286b1cce702) (ScriptedImporter) -> (artifact id: '52d7accccc218af8e646a2d5436ed820') in 0.0252527 seconds
Number of updated asset objects reloaded before import = 0Number of asset objects unloaded after import = 8

========================================================================
Received Import Request.
  Time since last request: 0.000031 seconds.
  path: Assets/Imports/JMO Assets/WarFX/_Effects/Bullet Impacts/+ Bullet Hole/Unlit/WFX_BImpact Wood NoCollision + Hole Unlit.prefab
  artifactKey: Guid(9bdf482976052a647946e8159033a295) Importer(2089858483,192608db42251d675da83286b1cce702)
Start importing Assets/Imports/JMO Assets/WarFX/_Effects/Bullet Impacts/+ Bullet Hole/Unlit/WFX_BImpact Wood NoCollision + Hole Unlit.prefab using Guid(9bdf482976052a647946e8159033a295) Importer(2089858483,192608db42251d675da83286b1cce702) (ScriptedImporter) -> (artifact id: '5532c7c01829eaa249d32389b360a7c4') in 0.0551634 seconds
Number of updated asset objects reloaded before import = 0Number of asset objects unloaded after import = 22

========================================================================
Received Import Request.
  Time since last request: 0.000018 seconds.
  path: Assets/Imports/JMO Assets/WarFX/_Effects/Bullet Impacts/+ Bullet Hole/Lit/WFX_BImpact Wood + Hole Lit.prefab
  artifactKey: Guid(5d73f72c6be7d0440bbc9c87d4f718c0) Importer(2089858483,192608db42251d675da83286b1cce702)
Start importing Assets/Imports/JMO Assets/WarFX/_Effects/Bullet Impacts/+ Bullet Hole/Lit/WFX_BImpact Wood + Hole Lit.prefab using Guid(5d73f72c6be7d0440bbc9c87d4f718c0) Importer(2089858483,192608db42251d675da83286b1cce702) (ScriptedImporter) -> (artifact id: 'e46eddd5bd5fe830be4e5bd7c0c3bea7') in 0.0528256 seconds
Number of updated asset objects reloaded before import = 0Number of asset objects unloaded after import = 22

========================================================================
Received Import Request.
  Time since last request: 0.000019 seconds.
  path: Assets/Imports/JMO Assets/WarFX/_Effects (Mobile)/Smoke/Color Variants/WFXMR_SmokeGrenade AlphaBlend Blue.prefab
  artifactKey: Guid(be20c243cd4e41e429097cc9d2582925) Importer(2089858483,192608db42251d675da83286b1cce702)
Start importing Assets/Imports/JMO Assets/WarFX/_Effects (Mobile)/Smoke/Color Variants/WFXMR_SmokeGrenade AlphaBlend Blue.prefab using Guid(be20c243cd4e41e429097cc9d2582925) Importer(2089858483,192608db42251d675da83286b1cce702) (ScriptedImporter) -> (artifact id: '31e76111b4bfed91285919d79ac875d5') in 0.0540711 seconds
Number of updated asset objects reloaded before import = 0Number of asset objects unloaded after import = 12

========================================================================
Received Import Request.
  Time since last request: 0.000020 seconds.
  path: Assets/Imports/JMO Assets/WarFX/Mobile/Textures/Flames/WFXM_T_FlamesSmall 4frm.tga
  artifactKey: Guid(3306c33d592bee140a52099c1882241a) Importer(2089858483,192608db42251d675da83286b1cce702)
Start importing Assets/Imports/JMO Assets/WarFX/Mobile/Textures/Flames/WFXM_T_FlamesSmall 4frm.tga using Guid(3306c33d592bee140a52099c1882241a) Importer(2089858483,192608db42251d675da83286b1cce702) (ScriptedImporter) -> (artifact id: '5c5fc9a13493a65c3b0bae642d88dbd3') in 0.0281785 seconds
Number of updated asset objects reloaded before import = 0Number of asset objects unloaded after import = 1

========================================================================
Received Import Request.
  Time since last request: 0.000026 seconds.
  path: Assets/Imports/JMO Assets/WarFX/Demo/Assets/WFX_Demo_Wall.cs
  artifactKey: Guid(9e1b171d14b3d5549a9080c5bb8eb2b1) Importer(2089858483,192608db42251d675da83286b1cce702)
Start importing Assets/Imports/JMO Assets/WarFX/Demo/Assets/WFX_Demo_Wall.cs using Guid(9e1b171d14b3d5549a9080c5bb8eb2b1) Importer(2089858483,192608db42251d675da83286b1cce702) (ScriptedImporter) -> (artifact id: '92424b970fe344253f503ec5b516a859') in 0.0366893 seconds
Number of updated asset objects reloaded before import = 0Number of asset objects unloaded after import = 0

========================================================================
Received Import Request.
  Time since last request: 0.000028 seconds.
  path: Assets/Imports/JMO Assets/WarFX/_Effects (Mobile)/Fire/Gray Smoke/WFXMR_Fire Natural (Gray Smoke).prefab
  artifactKey: Guid(70f4ae7b25c458e45a1f83a9bbf8f2d9) Importer(2089858483,3d70f49cd1c2eb9ae422958d1c652c6b)
Start importing Assets/Imports/JMO Assets/WarFX/_Effects (Mobile)/Fire/Gray Smoke/WFXMR_Fire Natural (Gray Smoke).prefab using Guid(70f4ae7b25c458e45a1f83a9bbf8f2d9) Importer(2089858483,3d70f49cd1c2eb9ae422958d1c652c6b) (ScriptedImporter) -> (artifact id: '8d122c086a38609afbbd5ecbfd07d75d') in 0.0252806 seconds
Number of updated asset objects reloaded before import = 0Number of asset objects unloaded after import = 18

========================================================================
Received Import Request.
  Time since last request: 0.000018 seconds.
  path: Assets/Imports/JMO Assets/WarFX/_Effects (Mobile)/Explosions/WFXMR_ExplosiveSmokeGround.prefab
  artifactKey: Guid(808e73d863fcde3499fd5301563ffd3d) Importer(2089858483,192608db42251d675da83286b1cce702)
Start importing Assets/Imports/JMO Assets/WarFX/_Effects (Mobile)/Explosions/WFXMR_ExplosiveSmokeGround.prefab using Guid(808e73d863fcde3499fd5301563ffd3d) Importer(2089858483,192608db42251d675da83286b1cce702) (ScriptedImporter) -> (artifact id: '81250ffae54444d12eca8a49432ff79c') in 0.044725 seconds
Number of updated asset objects reloaded before import = 0Number of asset objects unloaded after import = 32

========================================================================
Received Import Request.
  Time since last request: 3.201772 seconds.
  path: Assets/Imports/Grenades_Lowpoly/Grenade1/grenade_lowpoly_prefab.prefab
  artifactKey: Guid(216ec6e5fef3e254d86b21071e614d66) Importer(815301076,1909f56bfc062723c751e8b465ee728b)
Start importing Assets/Imports/Grenades_Lowpoly/Grenade1/grenade_lowpoly_prefab.prefab using Guid(216ec6e5fef3e254d86b21071e614d66) Importer(815301076,1909f56bfc062723c751e8b465ee728b) (PreviewImporter) -> (artifact id: 'cedd203a6f8f053e7a4c6c9cb5fce164') in 3.186386 seconds
Number of updated asset objects reloaded before import = 0Number of asset objects unloaded after import = 11

========================================================================
Received Import Request.
  Time since last request: 0.010668 seconds.
  path: Assets/Imports/JMO Assets/WarFX/Demo/Assets/WFX_Demo_M_Metal Wall.mat
  artifactKey: Guid(97a1c489739b9654294f9eec96f9988f) Importer(2089858483,192608db42251d675da83286b1cce702)
Start importing Assets/Imports/JMO Assets/WarFX/Demo/Assets/WFX_Demo_M_Metal Wall.mat using Guid(97a1c489739b9654294f9eec96f9988f) Importer(2089858483,192608db42251d675da83286b1cce702) (ScriptedImporter) -> (artifact id: '56351ed425d488ca008b808f41e0205c') in 0.0171506 seconds
Number of updated asset objects reloaded before import = 0Number of asset objects unloaded after import = 3

========================================================================
Received Import Request.
  Time since last request: 0.000023 seconds.
  path: Assets/Imports/JMO Assets/WarFX/Demo/Assets/WFX_Demo_M_Checker Wall.mat
  artifactKey: Guid(af09f8959d2e3e5409129ec9ec5ab06e) Importer(2089858483,192608db42251d675da83286b1cce702)
Start importing Assets/Imports/JMO Assets/WarFX/Demo/Assets/WFX_Demo_M_Checker Wall.mat using Guid(af09f8959d2e3e5409129ec9ec5ab06e) Importer(2089858483,192608db42251d675da83286b1cce702) (ScriptedImporter) -> (artifact id: 'e7894613ce2a7d432e9b8a4245ece691') in 0.0141937 seconds
Number of updated asset objects reloaded before import = 0Number of asset objects unloaded after import = 2

========================================================================
Received Import Request.
  Time since last request: 0.000025 seconds.
  path: Assets/Imports/JMO Assets/WarFX/Demo/Assets/WFX_Demo_M_Wood.mat
  artifactKey: Guid(c4b3df7d7d9b4194aad9879ce91ea700) Importer(2089858483,192608db42251d675da83286b1cce702)
Start importing Assets/Imports/JMO Assets/WarFX/Demo/Assets/WFX_Demo_M_Wood.mat using Guid(c4b3df7d7d9b4194aad9879ce91ea700) Importer(2089858483,192608db42251d675da83286b1cce702) (ScriptedImporter) -> (artifact id: '0cb195340a3d0002ab69508d4618754c') in 0.0146695 seconds
Number of updated asset objects reloaded before import = 0Number of asset objects unloaded after import = 3

Editor requested this worker to shutdown with reason: Scaling down because of idle timeout
AssetImportWorker is now disconnected from the server
Process exiting
Exiting without the bug reporter. Application will terminate with return code 0